[0.008s] Invoking command in '/home/linhao/code/ros2/dxy_apm_ws/src/px4_ros_com/build/px4_ros_com': CMAKE_PREFIX_PATH=${CMAKE_PREFIX_PATH}:/opt/ros/jazzy CONDA_PROMPT_MODIFIER=(base) DEBUGINFOD_URLS=https://debuginfod.ubuntu.com /usr/bin/cmake --build /home/linhao/code/ros2/dxy_apm_ws/src/px4_ros_com/build/px4_ros_com -- -j32 -l32
[0.088s] [  7%] Built target gtest
[0.088s] [  7%] Built target gtest_main
[0.094s] [ 11%] Built target frame_transforms
[0.101s] [ 15%] Built target pose_subscriber
[0.108s] [ 19%] Built target px4_ros_com_tutorial_test
[0.247s] [ 23%] Building CXX object CMakeFiles/offboard_control.dir/src/offboard_control/APMROS2drone/state/DolandState.cpp.o
[0.247s] [ 23%] Building CXX object CMakeFiles/offboard_control.dir/src/offboard_control/APMROS2drone/APMROS2Drone.cpp.o
[0.247s] [ 25%] Building CXX object CMakeFiles/offboard_control.dir/src/offboard_control/APMROS2drone/state/DoshotState.cpp.o
[0.248s] [ 26%] Building CXX object CMakeFiles/offboard_control.dir/src/offboard_control/APMROS2drone/state/EndState.cpp.o
[0.250s] [ 28%] Building CXX object CMakeFiles/offboard_control.dir/src/offboard_control/APMROS2drone/state/GotoScoutPointState.cpp.o
[0.251s] [ 30%] Building CXX object CMakeFiles/offboard_control.dir/src/offboard_control/APMROS2drone/state/GotoShotPointState.cpp.o
[0.251s] [ 32%] Building CXX object CMakeFiles/offboard_control.dir/src/offboard_control/APMROS2drone/state/InitState.cpp.o
[0.254s] [ 34%] Building CXX object CMakeFiles/offboard_control.dir/src/offboard_control/APMROS2drone/state/ReflushConfigState.cpp.o
[0.255s] [ 36%] Building CXX object CMakeFiles/offboard_control.dir/src/offboard_control/APMROS2drone/state/StopState.cpp.o
[0.255s] [ 38%] Building CXX object CMakeFiles/offboard_control.dir/src/offboard_control/APMROS2drone/state/SurroundSeeState.cpp.o
[0.257s] [ 40%] Building CXX object CMakeFiles/offboard_control.dir/src/offboard_control/APMROS2drone/state/TakeoffState.cpp.o
[0.258s] [ 42%] Building CXX object CMakeFiles/offboard_control.dir/src/offboard_control/APMROS2drone/state/TerminalControlState.cpp.o
[0.260s] [ 44%] Building CXX object CMakeFiles/offboard_control.dir/src/offboard_control/APMROS2drone/task/AppochTargetTask.cpp.o
[0.262s] [ 46%] Building CXX object CMakeFiles/offboard_control.dir/src/offboard_control/APMROS2drone/task/DoLandTask.cpp.o
[0.263s] [ 48%] Building CXX object CMakeFiles/offboard_control.dir/src/offboard_control/APMROS2drone/task/DoShotTask.cpp.o
[0.264s] [ 50%] Building CXX object CMakeFiles/offboard_control.dir/src/offboard_control/drone/state/InitState.cpp.o
[0.268s] [ 51%] Building CXX object CMakeFiles/offboard_control.dir/src/offboard_control/drone/state/State.cpp.o
[0.270s] [ 53%] Building CXX object CMakeFiles/offboard_control.dir/src/offboard_control/drone/task/RTLLandTask.cpp.o
[0.272s] [ 55%] Building CXX object CMakeFiles/offboard_control.dir/src/offboard_control/drone/task/PrintInfoTask.cpp.o
[0.272s] [ 59%] Building CXX object CMakeFiles/offboard_control.dir/src/offboard_control/drone/task/WayPointTask.cpp.o
[0.273s] [ 59%] Building CXX object CMakeFiles/offboard_control.dir/src/offboard_control/drone/task/SetPointTask.cpp.o
[0.276s] [ 63%] Building CXX object CMakeFiles/offboard_control.dir/src/offboard_control/stateMachine/State.cpp.o
[0.276s] [ 63%] Building CXX object CMakeFiles/offboard_control.dir/src/offboard_control/main.cpp.o
[0.280s] [ 65%] Building CXX object CMakeFiles/offboard_control.dir/src/offboard_control/task/Task.cpp.o
[0.707s] /home/linhao/code/ros2/dxy_apm_ws/src/px4_ros_com/src/offboard_control/drone/task/RTLLandTask.cpp:2:10: fatal error: ../APMROS2Drone.h: No such file or directory
[0.707s]     2 | #include "../APMROS2Drone.h"
[0.707s]       |          ^~~~~~~~~~~~~~~~~~~
[0.707s] compilation terminated.
[0.710s] gmake[2]: *** [CMakeFiles/offboard_control.dir/build.make:482: CMakeFiles/offboard_control.dir/src/offboard_control/drone/task/RTLLandTask.cpp.o] Error 1
[0.710s] gmake[2]: *** Waiting for unfinished jobs....
[1.655s] /home/linhao/code/ros2/dxy_apm_ws/src/px4_ros_com/src/offboard_control/drone/task/WayPointTask.cpp:4:10: fatal error: ../APMROS2Drone.h: No such file or directory
[1.655s]     4 | #include "../APMROS2Drone.h"
[1.655s]       |          ^~~~~~~~~~~~~~~~~~~
[1.655s] compilation terminated.
[1.667s] gmake[2]: *** [CMakeFiles/offboard_control.dir/build.make:510: CMakeFiles/offboard_control.dir/src/offboard_control/drone/task/WayPointTask.cpp.o] Error 1
[1.773s] /home/linhao/code/ros2/dxy_apm_ws/src/px4_ros_com/src/offboard_control/drone/task/SetPointTask.cpp:4:10: fatal error: ../APMROS2Drone.h: No such file or directory
[1.773s]     4 | #include "../APMROS2Drone.h"
[1.773s]       |          ^~~~~~~~~~~~~~~~~~~
[1.773s] compilation terminated.
[1.784s] gmake[2]: *** [CMakeFiles/offboard_control.dir/build.make:496: CMakeFiles/offboard_control.dir/src/offboard_control/drone/task/SetPointTask.cpp.o] Error 1
[2.767s] /home/linhao/code/ros2/dxy_apm_ws/src/px4_ros_com/src/offboard_control/drone/task/PrintInfoTask.cpp: In instantiation of ‘bool PrintInfoTask::init(DeviceType) [with DeviceType = std::shared_ptr<ROS2Drone>]’:
[2.767s] /home/linhao/code/ros2/dxy_apm_ws/src/px4_ros_com/src/offboard_control/drone/task/../../task/Task.h:91:32:   required from ‘bool Task<T>::execute(DeviceType) [with DeviceType = std::shared_ptr<ROS2Drone>; T = PrintInfoTask]’
[2.767s] /home/linhao/code/ros2/dxy_apm_ws/src/px4_ros_com/src/offboard_control/drone/task/../../task/Task.h:171:51:   required from ‘bool Task<T>::execute_ros2(std::shared_ptr<ROS2Drone>) [with T = PrintInfoTask]’
[2.767s] /home/linhao/code/ros2/dxy_apm_ws/src/px4_ros_com/src/offboard_control/drone/task/../../task/Task.h:170:10:   required from here
[2.768s] /home/linhao/code/ros2/dxy_apm_ws/src/px4_ros_com/src/offboard_control/drone/task/PrintInfoTask.cpp:30:17: error: invalid use of incomplete type ‘using std::__shared_ptr_access<ROS2Drone, __gnu_cxx::_S_atomic, false, false>::element_type = class ROS2Drone’ {aka ‘class ROS2Drone’}
[2.768s]    30 |         device->log_error("%s: can only be used with AbstractDrone", get_string().c_str());
[2.768s]       |         ~~~~~~~~^~~~~~~~~
[2.768s] In file included from /home/linhao/code/ros2/dxy_apm_ws/src/px4_ros_com/src/offboard_control/drone/task/../../task/TaskBase.h:9,
[2.768s]                  from /home/linhao/code/ros2/dxy_apm_ws/src/px4_ros_com/src/offboard_control/drone/task/../../task/Task.h:10,
[2.768s]                  from /home/linhao/code/ros2/dxy_apm_ws/src/px4_ros_com/src/offboard_control/drone/task/PrintInfoTask.h:3,
[2.768s]                  from /home/linhao/code/ros2/dxy_apm_ws/src/px4_ros_com/src/offboard_control/drone/task/PrintInfoTask.cpp:1:
[2.768s] /home/linhao/code/ros2/dxy_apm_ws/src/px4_ros_com/src/offboard_control/drone/task/../../task/DeviceVisitor.h:7:7: note: forward declaration of ‘using std::__shared_ptr_access<ROS2Drone, __gnu_cxx::_S_atomic, false, false>::element_type = class ROS2Drone’ {aka ‘class ROS2Drone’}
[2.768s]     7 | class ROS2Drone;
[2.768s]       |       ^~~~~~~~~
[2.768s] /home/linhao/code/ros2/dxy_apm_ws/src/px4_ros_com/src/offboard_control/drone/task/PrintInfoTask.cpp: In instantiation of ‘bool PrintInfoTask::run(DeviceType) [with DeviceType = std::shared_ptr<ROS2Drone>]’:
[2.769s] /home/linhao/code/ros2/dxy_apm_ws/src/px4_ros_com/src/offboard_control/drone/task/../../task/Task.h:101:31:   required from ‘bool Task<T>::execute(DeviceType) [with DeviceType = std::shared_ptr<ROS2Drone>; T = PrintInfoTask]’
[2.769s] /home/linhao/code/ros2/dxy_apm_ws/src/px4_ros_com/src/offboard_control/drone/task/../../task/Task.h:171:51:   required from ‘bool Task<T>::execute_ros2(std::shared_ptr<ROS2Drone>) [with T = PrintInfoTask]’
[2.769s] /home/linhao/code/ros2/dxy_apm_ws/src/px4_ros_com/src/offboard_control/drone/task/../../task/Task.h:170:10:   required from here
[2.769s] /home/linhao/code/ros2/dxy_apm_ws/src/px4_ros_com/src/offboard_control/drone/task/PrintInfoTask.cpp:49:17: error: invalid use of incomplete type ‘using std::__shared_ptr_access<ROS2Drone, __gnu_cxx::_S_atomic, false, false>::element_type = class ROS2Drone’ {aka ‘class ROS2Drone’}
[2.769s]    49 |         device->log_error("%s: can only be used with AbstractDrone", get_string().c_str());
[2.769s]       |         ~~~~~~~~^~~~~~~~~
[2.769s] /home/linhao/code/ros2/dxy_apm_ws/src/px4_ros_com/src/offboard_control/drone/task/../../task/DeviceVisitor.h:7:7: note: forward declaration of ‘using std::__shared_ptr_access<ROS2Drone, __gnu_cxx::_S_atomic, false, false>::element_type = class ROS2Drone’ {aka ‘class ROS2Drone’}
[2.769s]     7 | class ROS2Drone;
[2.769s]       |       ^~~~~~~~~
[2.769s] /home/linhao/code/ros2/dxy_apm_ws/src/px4_ros_com/src/offboard_control/drone/task/PrintInfoTask.cpp: In instantiation of ‘bool PrintInfoTask::end(DeviceType) [with DeviceType = std::shared_ptr<ROS2Drone>]’:
[2.769s] /home/linhao/code/ros2/dxy_apm_ws/src/px4_ros_com/src/offboard_control/drone/task/../../task/Task.h:110:31:   required from ‘bool Task<T>::execute(DeviceType) [with DeviceType = std::shared_ptr<ROS2Drone>; T = PrintInfoTask]’
[2.770s] /home/linhao/code/ros2/dxy_apm_ws/src/px4_ros_com/src/offboard_control/drone/task/../../task/Task.h:171:51:   required from ‘bool Task<T>::execute_ros2(std::shared_ptr<ROS2Drone>) [with T = PrintInfoTask]’
[2.770s] /home/linhao/code/ros2/dxy_apm_ws/src/px4_ros_com/src/offboard_control/drone/task/../../task/Task.h:170:10:   required from here
[2.770s] /home/linhao/code/ros2/dxy_apm_ws/src/px4_ros_com/src/offboard_control/drone/task/PrintInfoTask.cpp:100:17: error: invalid use of incomplete type ‘using std::__shared_ptr_access<ROS2Drone, __gnu_cxx::_S_atomic, false, false>::element_type = class ROS2Drone’ {aka ‘class ROS2Drone’}
[2.770s]   100 |         device->log_error("%s: can only be used with AbstractDrone", get_string().c_str());
[2.770s]       |         ~~~~~~~~^~~~~~~~~
[2.770s] /home/linhao/code/ros2/dxy_apm_ws/src/px4_ros_com/src/offboard_control/drone/task/../../task/DeviceVisitor.h:7:7: note: forward declaration of ‘using std::__shared_ptr_access<ROS2Drone, __gnu_cxx::_S_atomic, false, false>::element_type = class ROS2Drone’ {aka ‘class ROS2Drone’}
[2.770s]     7 | class ROS2Drone;
[2.770s]       |       ^~~~~~~~~
[2.771s] /home/linhao/code/ros2/dxy_apm_ws/src/px4_ros_com/src/offboard_control/drone/task/PrintInfoTask.cpp: In instantiation of ‘bool PrintInfoTask::init(DeviceType) [with DeviceType = std::shared_ptr<APMROS2Drone>]’:
[2.771s] /home/linhao/code/ros2/dxy_apm_ws/src/px4_ros_com/src/offboard_control/drone/task/../../task/Task.h:91:32:   required from ‘bool Task<T>::execute(DeviceType) [with DeviceType = std::shared_ptr<APMROS2Drone>; T = PrintInfoTask]’
[2.771s] /home/linhao/code/ros2/dxy_apm_ws/src/px4_ros_com/src/offboard_control/drone/task/../../task/Task.h:175:54:   required from ‘bool Task<T>::execute_apm(std::shared_ptr<APMROS2Drone>) [with T = PrintInfoTask]’
[2.771s] /home/linhao/code/ros2/dxy_apm_ws/src/px4_ros_com/src/offboard_control/drone/task/../../task/Task.h:174:10:   required from here
[2.771s] /home/linhao/code/ros2/dxy_apm_ws/src/px4_ros_com/src/offboard_control/drone/task/PrintInfoTask.cpp:30:17: error: invalid use of incomplete type ‘using std::__shared_ptr_access<APMROS2Drone, __gnu_cxx::_S_atomic, false, false>::element_type = class APMROS2Drone’ {aka ‘class APMROS2Drone’}
[2.771s]    30 |         device->log_error("%s: can only be used with AbstractDrone", get_string().c_str());
[2.771s]       |         ~~~~~~~~^~~~~~~~~
[2.771s] /home/linhao/code/ros2/dxy_apm_ws/src/px4_ros_com/src/offboard_control/drone/task/../../task/DeviceVisitor.h:8:7: note: forward declaration of ‘using std::__shared_ptr_access<APMROS2Drone, __gnu_cxx::_S_atomic, false, false>::element_type = class APMROS2Drone’ {aka ‘class APMROS2Drone’}
[2.771s]     8 | class APMROS2Drone;
[2.771s]       |       ^~~~~~~~~~~~
[2.772s] /home/linhao/code/ros2/dxy_apm_ws/src/px4_ros_com/src/offboard_control/drone/task/PrintInfoTask.cpp: In instantiation of ‘bool PrintInfoTask::run(DeviceType) [with DeviceType = std::shared_ptr<APMROS2Drone>]’:
[2.772s] /home/linhao/code/ros2/dxy_apm_ws/src/px4_ros_com/src/offboard_control/drone/task/../../task/Task.h:101:31:   required from ‘bool Task<T>::execute(DeviceType) [with DeviceType = std::shared_ptr<APMROS2Drone>; T = PrintInfoTask]’
[2.772s] /home/linhao/code/ros2/dxy_apm_ws/src/px4_ros_com/src/offboard_control/drone/task/../../task/Task.h:175:54:   required from ‘bool Task<T>::execute_apm(std::shared_ptr<APMROS2Drone>) [with T = PrintInfoTask]’
[2.772s] /home/linhao/code/ros2/dxy_apm_ws/src/px4_ros_com/src/offboard_control/drone/task/../../task/Task.h:174:10:   required from here
[2.772s] /home/linhao/code/ros2/dxy_apm_ws/src/px4_ros_com/src/offboard_control/drone/task/PrintInfoTask.cpp:49:17: error: invalid use of incomplete type ‘using std::__shared_ptr_access<APMROS2Drone, __gnu_cxx::_S_atomic, false, false>::element_type = class APMROS2Drone’ {aka ‘class APMROS2Drone’}
[2.772s]    49 |         device->log_error("%s: can only be used with AbstractDrone", get_string().c_str());
[2.772s]       |         ~~~~~~~~^~~~~~~~~
[2.772s] /home/linhao/code/ros2/dxy_apm_ws/src/px4_ros_com/src/offboard_control/drone/task/../../task/DeviceVisitor.h:8:7: note: forward declaration of ‘using std::__shared_ptr_access<APMROS2Drone, __gnu_cxx::_S_atomic, false, false>::element_type = class APMROS2Drone’ {aka ‘class APMROS2Drone’}
[2.772s]     8 | class APMROS2Drone;
[2.772s]       |       ^~~~~~~~~~~~
[2.772s] /home/linhao/code/ros2/dxy_apm_ws/src/px4_ros_com/src/offboard_control/drone/task/PrintInfoTask.cpp: In instantiation of ‘bool PrintInfoTask::end(DeviceType) [with DeviceType = std::shared_ptr<APMROS2Drone>]’:
[2.773s] /home/linhao/code/ros2/dxy_apm_ws/src/px4_ros_com/src/offboard_control/drone/task/../../task/Task.h:110:31:   required from ‘bool Task<T>::execute(DeviceType) [with DeviceType = std::shared_ptr<APMROS2Drone>; T = PrintInfoTask]’
[2.773s] /home/linhao/code/ros2/dxy_apm_ws/src/px4_ros_com/src/offboard_control/drone/task/../../task/Task.h:175:54:   required from ‘bool Task<T>::execute_apm(std::shared_ptr<APMROS2Drone>) [with T = PrintInfoTask]’
[2.773s] /home/linhao/code/ros2/dxy_apm_ws/src/px4_ros_com/src/offboard_control/drone/task/../../task/Task.h:174:10:   required from here
[2.773s] /home/linhao/code/ros2/dxy_apm_ws/src/px4_ros_com/src/offboard_control/drone/task/PrintInfoTask.cpp:100:17: error: invalid use of incomplete type ‘using std::__shared_ptr_access<APMROS2Drone, __gnu_cxx::_S_atomic, false, false>::element_type = class APMROS2Drone’ {aka ‘class APMROS2Drone’}
[2.773s]   100 |         device->log_error("%s: can only be used with AbstractDrone", get_string().c_str());
[2.773s]       |         ~~~~~~~~^~~~~~~~~
[2.773s] /home/linhao/code/ros2/dxy_apm_ws/src/px4_ros_com/src/offboard_control/drone/task/../../task/DeviceVisitor.h:8:7: note: forward declaration of ‘using std::__shared_ptr_access<APMROS2Drone, __gnu_cxx::_S_atomic, false, false>::element_type = class APMROS2Drone’ {aka ‘class APMROS2Drone’}
[2.773s]     8 | class APMROS2Drone;
[2.773s]       |       ^~~~~~~~~~~~
[2.773s] gmake[2]: *** [CMakeFiles/offboard_control.dir/build.make:468: CMakeFiles/offboard_control.dir/src/offboard_control/drone/task/PrintInfoTask.cpp.o] Error 1
[4.559s] In file included from /home/linhao/code/ros2/dxy_apm_ws/src/px4_ros_com/src/offboard_control/drone/state/InitState.cpp:1:
[4.560s] /home/linhao/code/ros2/dxy_apm_ws/src/px4_ros_com/src/offboard_control/drone/state/InitState.h:7:36: error: ‘AbstractDrone’ was not declared in this scope
[4.560s]     7 |     class InitState : public State<AbstractDrone> {
[4.560s]       |                                    ^~~~~~~~~~~~~
[4.560s] /home/linhao/code/ros2/dxy_apm_ws/src/px4_ros_com/src/offboard_control/drone/state/InitState.h:7:49: error: template argument 1 is invalid
[4.560s]     7 |     class InitState : public State<AbstractDrone> {
[4.560s]       |                                                 ^
[4.561s] /home/linhao/code/ros2/dxy_apm_ws/src/px4_ros_com/src/offboard_control/drone/state/InitState.h:15:14: error: ‘void States::InitState::executeImpl() const’ marked ‘override’, but does not override
[4.561s]    15 |         void executeImpl() const override;
[4.561s]       |              ^~~~~~~~~~~
[4.561s] /home/linhao/code/ros2/dxy_apm_ws/src/px4_ros_com/src/offboard_control/drone/state/InitState.h: In constructor ‘States::InitState::InitState()’:
[4.561s] /home/linhao/code/ros2/dxy_apm_ws/src/px4_ros_com/src/offboard_control/drone/state/InitState.h:18:23: error: class ‘States::InitState’ does not have any field named ‘State’
[4.561s]    18 |         InitState() : State("init", 1) {}
[4.561s]       |                       ^~~~~
[4.561s] In file included from /home/linhao/code/ros2/dxy_apm_ws/src/px4_ros_com/src/offboard_control/drone/state/states.h:3,
[4.561s]                  from /home/linhao/code/ros2/dxy_apm_ws/src/px4_ros_com/src/offboard_control/drone/state/InitState.cpp:2:
[4.561s] /home/linhao/code/ros2/dxy_apm_ws/src/px4_ros_com/src/offboard_control/drone/state/InitState.h: At global scope:
[4.562s] /home/linhao/code/ros2/dxy_apm_ws/src/px4_ros_com/src/offboard_control/drone/state/InitState.h:7:11: error: redefinition of ‘class States::InitState’
[4.562s]     7 |     class InitState : public State<AbstractDrone> {
[4.562s]       |           ^~~~~~~~~
[4.562s] /home/linhao/code/ros2/dxy_apm_ws/src/px4_ros_com/src/offboard_control/drone/state/InitState.h:7:11: note: previous definition of ‘class States::InitState’
[4.562s]     7 |     class InitState : public State<AbstractDrone> {
[4.562s]       |           ^~~~~~~~~
[4.562s] /home/linhao/code/ros2/dxy_apm_ws/src/px4_ros_com/src/offboard_control/drone/state/InitState.cpp:4:6: error: ‘InitState’ has not been declared
[4.562s]     4 | void InitState::executeImpl() const override {
[4.562s]       |      ^~~~~~~~~
[4.562s] /home/linhao/code/ros2/dxy_apm_ws/src/px4_ros_com/src/offboard_control/drone/state/InitState.cpp:4:37: error: virt-specifiers in ‘executeImpl’ not allowed outside a class definition
[4.562s]     4 | void InitState::executeImpl() const override {
[4.563s]       |                                     ^~~~~~~~
[4.563s] /home/linhao/code/ros2/dxy_apm_ws/src/px4_ros_com/src/offboard_control/drone/state/InitState.cpp:4:37: error: non-member function ‘void executeImpl()’ cannot have cv-qualifier
[4.563s] /home/linhao/code/ros2/dxy_apm_ws/src/px4_ros_com/src/offboard_control/drone/state/InitState.cpp: In function ‘void executeImpl()’:
[4.563s] /home/linhao/code/ros2/dxy_apm_ws/src/px4_ros_com/src/offboard_control/drone/state/InitState.cpp:7:39: error: ‘APMROS2Drone’ was not declared in this scope
[4.563s]     7 |     auto& stateMachine = StateMachine<APMROS2Drone>::getInstance();
[4.563s]       |                                       ^~~~~~~~~~~~
[4.563s] /home/linhao/code/ros2/dxy_apm_ws/src/px4_ros_com/src/offboard_control/drone/state/InitState.cpp:7:51: error: template argument 1 is invalid
[4.563s]     7 |     auto& stateMachine = StateMachine<APMROS2Drone>::getInstance();
[4.563s]       |                                                   ^
[4.563s] /home/linhao/code/ros2/dxy_apm_ws/src/px4_ros_com/src/offboard_control/drone/state/InitState.cpp:8:43: error: ‘InitState’ has not been declared
[4.564s]     8 |     if (stateMachine.getCurrentState() == InitState::getInstance()) {
[4.564s]       |                                           ^~~~~~~~~
[4.564s] /home/linhao/code/ros2/dxy_apm_ws/src/px4_ros_com/src/offboard_control/drone/state/InitState.cpp:9:9: error: ‘owner_’ was not declared in this scope
[4.564s]     9 |         owner_->FlyState_init();
[4.564s]       |         ^~~~~~
[4.564s] In file included from /opt/ros/jazzy/include/rclcpp/rclcpp/copy_all_parameter_values.hpp:27,
[4.564s]                  from /opt/ros/jazzy/include/rclcpp/rclcpp/rclcpp.hpp:171,
[4.564s]                  from /home/linhao/code/ros2/dxy_apm_ws/src/px4_ros_com/src/offboard_control/drone/state/../../stateMachine/State.h:8,
[4.564s]                  from /home/linhao/code/ros2/dxy_apm_ws/src/px4_ros_com/src/offboard_control/drone/state/InitState.h:2:
[4.565s] /home/linhao/code/ros2/dxy_apm_ws/src/px4_ros_com/src/offboard_control/drone/state/InitState.cpp:10:9: error: template argument 1 is invalid
[4.565s]    10 |         RCLCPP_INFO_ONCE(owner_->node->get_logger(), "初始化完成");
[4.565s]       |         ^~~~~~~~~~~~~~~~
[4.565s] /home/linhao/code/ros2/dxy_apm_ws/src/px4_ros_com/src/offboard_control/drone/state/InitState.cpp:10:9: error: template argument 1 is invalid
[4.565s]    10 |         RCLCPP_INFO_ONCE(owner_->node->get_logger(), "初始化完成");
[4.565s]       |         ^~~~~~~~~~~~~~~~
[4.565s] /home/linhao/code/ros2/dxy_apm_ws/src/px4_ros_com/src/offboard_control/drone/state/InitState.cpp:10:9: error: template argument 1 is invalid
[4.565s]    10 |         RCLCPP_INFO_ONCE(owner_->node->get_logger(), "初始化完成");
[4.565s]       |         ^~~~~~~~~~~~~~~~
[4.565s] /home/linhao/code/ros2/dxy_apm_ws/src/px4_ros_com/src/offboard_control/drone/state/InitState.cpp:12:13: error: template argument 1 is invalid
[4.565s]    12 |             RCLCPP_INFO_ONCE(owner_->node->get_logger(), "测试模式下, 不进行起飞");
[4.566s]       |             ^~~~~~~~~~~~~~~~
[4.566s] /home/linhao/code/ros2/dxy_apm_ws/src/px4_ros_com/src/offboard_control/drone/state/InitState.cpp:12:13: error: template argument 1 is invalid
[4.566s]    12 |             RCLCPP_INFO_ONCE(owner_->node->get_logger(), "测试模式下, 不进行起飞");
[4.566s]       |             ^~~~~~~~~~~~~~~~
[4.566s] /home/linhao/code/ros2/dxy_apm_ws/src/px4_ros_com/src/offboard_control/drone/state/InitState.cpp:12:13: error: template argument 1 is invalid
[4.566s]    12 |             RCLCPP_INFO_ONCE(owner_->node->get_logger(), "测试模式下, 不进行起飞");
[4.566s]       |             ^~~~~~~~~~~~~~~~
[4.566s] /home/linhao/code/ros2/dxy_apm_ws/src/px4_ros_com/src/offboard_control/drone/state/InitState.cpp:13:27: error: ‘GotoShotPointState’ has not been declared
[4.566s]    13 |             transition_to(GotoShotPointState::getInstance());
[4.566s]       |                           ^~~~~~~~~~~~~~~~~~
[4.566s] /home/linhao/code/ros2/dxy_apm_ws/src/px4_ros_com/src/offboard_control/drone/state/InitState.cpp:13:13: error: ‘transition_to’ was not declared in this scope
[4.566s]    13 |             transition_to(GotoShotPointState::getInstance());
[4.567s]       |             ^~~~~~~~~~~~~
[4.567s] /home/linhao/code/ros2/dxy_apm_ws/src/px4_ros_com/src/offboard_control/drone/state/InitState.cpp:16:23: error: ‘TakeoffState’ has not been declared
[4.567s]    16 |         transition_to(TakeoffState::getInstance());
[4.567s]       |                       ^~~~~~~~~~~~
[4.567s] /home/linhao/code/ros2/dxy_apm_ws/src/px4_ros_com/src/offboard_control/drone/state/InitState.cpp:16:9: error: ‘transition_to’ was not declared in this scope
[4.567s]    16 |         transition_to(TakeoffState::getInstance());
[4.567s]       |         ^~~~~~~~~~~~~
[4.567s] gmake[2]: *** [CMakeFiles/offboard_control.dir/build.make:440: CMakeFiles/offboard_control.dir/src/offboard_control/drone/state/InitState.cpp.o] Error 1
[5.877s] /home/linhao/code/ros2/dxy_apm_ws/src/px4_ros_com/src/offboard_control/drone/state/State.cpp: In member function ‘virtual void States::InitState::executeImpl() const’:
[5.877s] /home/linhao/code/ros2/dxy_apm_ws/src/px4_ros_com/src/offboard_control/drone/state/State.cpp:19:47: error: ‘APMROS2Drone’ was not declared in this scope
[5.877s]    19 |             auto& stateMachine = StateMachine<APMROS2Drone>::getInstance();
[5.877s]       |                                               ^~~~~~~~~~~~
[5.878s] /home/linhao/code/ros2/dxy_apm_ws/src/px4_ros_com/src/offboard_control/drone/state/State.cpp:19:59: error: template argument 1 is invalid
[5.878s]    19 |             auto& stateMachine = StateMachine<APMROS2Drone>::getInstance();
[5.878s]       |                                                           ^
[5.878s] /home/linhao/code/ros2/dxy_apm_ws/src/px4_ros_com/src/offboard_control/drone/state/State.cpp:21:25: error: ‘using std::__shared_ptr_access<AbstractDrone, __gnu_cxx::_S_atomic, false, false>::element_type = class AbstractDrone’ {aka ‘class AbstractDrone’} has no member named ‘FlyState_init’
[5.878s]    21 |                 owner_->FlyState_init();
[5.878s]       |                         ^~~~~~~~~~~~~
[5.878s] In file included from /opt/ros/jazzy/include/rclcpp/rclcpp/copy_all_parameter_values.hpp:27,
[5.878s]                  from /opt/ros/jazzy/include/rclcpp/rclcpp/rclcpp.hpp:171,
[5.878s]                  from /home/linhao/code/ros2/dxy_apm_ws/src/px4_ros_com/src/offboard_control/drone/state/../../stateMachine/State.h:8,
[5.878s]                  from /home/linhao/code/ros2/dxy_apm_ws/src/px4_ros_com/src/offboard_control/drone/state/State.cpp:2:
[5.878s] /home/linhao/code/ros2/dxy_apm_ws/src/px4_ros_com/src/offboard_control/drone/state/State.cpp:22:42: error: ‘using std::__shared_ptr_access<AbstractDrone, __gnu_cxx::_S_atomic, false, false>::element_type = class AbstractDrone’ {aka ‘class AbstractDrone’} has no member named ‘node’
[5.878s]    22 |                 RCLCPP_INFO_ONCE(owner_->node->get_logger(), "初始化完成");
[5.878s]       |                                          ^~~~
[5.878s] /home/linhao/code/ros2/dxy_apm_ws/src/px4_ros_com/src/offboard_control/drone/state/State.cpp:22:42: error: ‘using std::__shared_ptr_access<AbstractDrone, __gnu_cxx::_S_atomic, false, false>::element_type = class AbstractDrone’ {aka ‘class AbstractDrone’} has no member named ‘node’
[5.878s] /home/linhao/code/ros2/dxy_apm_ws/src/px4_ros_com/src/offboard_control/drone/state/State.cpp:22:17: error: template argument 1 is invalid
[5.879s]    22 |                 RCLCPP_INFO_ONCE(owner_->node->get_logger(), "初始化完成");
[5.879s]       |                 ^~~~~~~~~~~~~~~~
[5.879s] /home/linhao/code/ros2/dxy_apm_ws/src/px4_ros_com/src/offboard_control/drone/state/State.cpp:22:17: error: template argument 1 is invalid
[5.879s]    22 |                 RCLCPP_INFO_ONCE(owner_->node->get_logger(), "初始化完成");
[5.879s]       |                 ^~~~~~~~~~~~~~~~
[5.879s] /home/linhao/code/ros2/dxy_apm_ws/src/px4_ros_com/src/offboard_control/drone/state/State.cpp:22:17: error: template argument 1 is invalid
[5.879s]    22 |                 RCLCPP_INFO_ONCE(owner_->node->get_logger(), "初始化完成");
[5.879s]       |                 ^~~~~~~~~~~~~~~~
[5.879s] In file included from /opt/ros/jazzy/include/rclcpp/rclcpp/logging.hpp:24:
[5.879s] /home/linhao/code/ros2/dxy_apm_ws/src/px4_ros_com/src/offboard_control/drone/state/State.cpp:22:42: error: ‘using std::__shared_ptr_access<AbstractDrone, __gnu_cxx::_S_atomic, false, false>::element_type = class AbstractDrone’ {aka ‘class AbstractDrone’} has no member named ‘node’
[5.879s]    22 |                 RCLCPP_INFO_ONCE(owner_->node->get_logger(), "初始化完成");
[5.879s]       |                                          ^~~~
[5.879s] /home/linhao/code/ros2/dxy_apm_ws/src/px4_ros_com/src/offboard_control/drone/state/State.cpp:22:42: error: ‘using std::__shared_ptr_access<AbstractDrone, __gnu_cxx::_S_atomic, false, false>::element_type = class AbstractDrone’ {aka ‘class AbstractDrone’} has no member named ‘node’
[5.879s]    22 |                 RCLCPP_INFO_ONCE(owner_->node->get_logger(), "初始化完成");
[5.879s]       |                                          ^~~~
[5.879s] /home/linhao/code/ros2/dxy_apm_ws/src/px4_ros_com/src/offboard_control/drone/state/State.cpp:23:29: error: ‘using std::__shared_ptr_access<AbstractDrone, __gnu_cxx::_S_atomic, false, false>::element_type = class AbstractDrone’ {aka ‘class AbstractDrone’} has no member named ‘debug_mode_’
[5.880s]    23 |                 if (owner_->debug_mode_) {
[5.880s]       |                             ^~~~~~~~~~~
[5.880s] /home/linhao/code/ros2/dxy_apm_ws/src/px4_ros_com/src/offboard_control/drone/state/State.cpp:24:46: error: ‘using std::__shared_ptr_access<AbstractDrone, __gnu_cxx::_S_atomic, false, false>::element_type = class AbstractDrone’ {aka ‘class AbstractDrone’} has no member named ‘node’
[5.880s]    24 |                     RCLCPP_INFO_ONCE(owner_->node->get_logger(), "测试模式下, 不进行起飞");
[5.880s]       |                                              ^~~~
[5.880s] /home/linhao/code/ros2/dxy_apm_ws/src/px4_ros_com/src/offboard_control/drone/state/State.cpp:24:46: error: ‘using std::__shared_ptr_access<AbstractDrone, __gnu_cxx::_S_atomic, false, false>::element_type = class AbstractDrone’ {aka ‘class AbstractDrone’} has no member named ‘node’
[5.880s] /home/linhao/code/ros2/dxy_apm_ws/src/px4_ros_com/src/offboard_control/drone/state/State.cpp:24:21: error: template argument 1 is invalid
[5.880s]    24 |                     RCLCPP_INFO_ONCE(owner_->node->get_logger(), "测试模式下, 不进行起飞");
[5.880s]       |                     ^~~~~~~~~~~~~~~~
[5.880s] /home/linhao/code/ros2/dxy_apm_ws/src/px4_ros_com/src/offboard_control/drone/state/State.cpp:24:21: error: template argument 1 is invalid
[5.880s]    24 |                     RCLCPP_INFO_ONCE(owner_->node->get_logger(), "测试模式下, 不进行起飞");
[5.880s]       |                     ^~~~~~~~~~~~~~~~
[5.880s] /home/linhao/code/ros2/dxy_apm_ws/src/px4_ros_com/src/offboard_control/drone/state/State.cpp:24:21: error: template argument 1 is invalid
[5.880s]    24 |                     RCLCPP_INFO_ONCE(owner_->node->get_logger(), "测试模式下, 不进行起飞");
[5.881s]       |                     ^~~~~~~~~~~~~~~~
[5.881s] /home/linhao/code/ros2/dxy_apm_ws/src/px4_ros_com/src/offboard_control/drone/state/State.cpp:24:46: error: ‘using std::__shared_ptr_access<AbstractDrone, __gnu_cxx::_S_atomic, false, false>::element_type = class AbstractDrone’ {aka ‘class AbstractDrone’} has no member named ‘node’
[5.881s]    24 |                     RCLCPP_INFO_ONCE(owner_->node->get_logger(), "测试模式下, 不进行起飞");
[5.881s]       |                                              ^~~~
[5.881s] /home/linhao/code/ros2/dxy_apm_ws/src/px4_ros_com/src/offboard_control/drone/state/State.cpp:24:46: error: ‘using std::__shared_ptr_access<AbstractDrone, __gnu_cxx::_S_atomic, false, false>::element_type = class AbstractDrone’ {aka ‘class AbstractDrone’} has no member named ‘node’
[5.881s]    24 |                     RCLCPP_INFO_ONCE(owner_->node->get_logger(), "测试模式下, 不进行起飞");
[5.881s]       |                                              ^~~~
[5.881s] /home/linhao/code/ros2/dxy_apm_ws/src/px4_ros_com/src/offboard_control/drone/state/State.cpp:25:35: error: ‘GotoShotPointState’ has not been declared
[5.881s]    25 |                     transition_to(GotoShotPointState::getInstance());
[5.881s]       |                                   ^~~~~~~~~~~~~~~~~~
[5.881s] /home/linhao/code/ros2/dxy_apm_ws/src/px4_ros_com/src/offboard_control/drone/state/State.cpp:28:31: error: ‘TakeoffState’ has not been declared
[5.881s]    28 |                 transition_to(TakeoffState::getInstance());
[5.881s]       |                               ^~~~~~~~~~~~
[5.881s] /home/linhao/code/ros2/dxy_apm_ws/src/px4_ros_com/src/offboard_control/drone/state/../../stateMachine/State.h: In instantiation of ‘State<T>::State(const std::string&, int) [with T = AbstractDrone; std::string = std::__cxx11::basic_string<char>]’:
[5.881s] /home/linhao/code/ros2/dxy_apm_ws/src/px4_ros_com/src/offboard_control/drone/state/State.cpp:33:38:   required from here
[5.881s] /home/linhao/code/ros2/dxy_apm_ws/src/px4_ros_com/src/offboard_control/drone/state/../../stateMachine/State.h:131:66: error: incomplete type ‘StateMachine<AbstractDrone>’ used in nested name specifier
[5.882s]   131 |                 auto& stateMachine = StateMachine<T>::getInstance();
[5.882s]       |                                      ~~~~~~~~~~~~~~~~~~~~~~~~~~~~^~
[5.882s] /home/linhao/code/ros2/dxy_apm_ws/src/px4_ros_com/src/offboard_control/drone/state/../../stateMachine/State.h: In instantiation of ‘std::future<void> State<T>::executeAsync() const [with T = AbstractDrone]’:
[5.882s] /home/linhao/code/ros2/dxy_apm_ws/src/px4_ros_com/src/offboard_control/drone/state/../../stateMachine/State.h:75:28:   required from here
[5.882s] /home/linhao/code/ros2/dxy_apm_ws/src/px4_ros_com/src/offboard_control/drone/state/../../stateMachine/State.h:77:66: error: incomplete type ‘StateMachine<AbstractDrone>’ used in nested name specifier
[5.882s]    77 |                 auto& stateMachine = StateMachine<T>::getInstance();
[5.882s]       |                                      ~~~~~~~~~~~~~~~~~~~~~~~~~~~~^~
[5.882s] gmake[2]: *** [CMakeFiles/offboard_control.dir/build.make:454: CMakeFiles/offboard_control.dir/src/offboard_control/drone/state/State.cpp.o] Error 1
[87.466s] In file included from /home/linhao/code/ros2/dxy_apm_ws/src/px4_ros_com/src/offboard_control/APMROS2drone/task/AppochTargetTask.cpp:1:
[87.481s] /home/linhao/code/ros2/dxy_apm_ws/src/px4_ros_com/src/offboard_control/APMROS2drone/task/AppochTargetTask.h:32:31: error: incomplete type ‘YOLODetector’ used in nested name specifier
[87.481s]    32 |     std::vector<YOLODetector::Target> targets;          // 声明读取的映射失败时目标u和v坐标
[87.482s]       |                               ^~~~~~
[87.482s] /home/linhao/code/ros2/dxy_apm_ws/src/px4_ros_com/src/offboard_control/APMROS2drone/task/AppochTargetTask.h:32:37: error: template argument 1 is invalid
[87.482s]    32 |     std::vector<YOLODetector::Target> targets;          // 声明读取的映射失败时目标u和v坐标
[87.482s]       |                                     ^
[87.482s] /home/linhao/code/ros2/dxy_apm_ws/src/px4_ros_com/src/offboard_control/APMROS2drone/task/AppochTargetTask.h:32:37: error: template argument 2 is invalid
[87.482s] /home/linhao/code/ros2/dxy_apm_ws/src/px4_ros_com/src/offboard_control/APMROS2drone/task/AppochTargetTask.h:39:23: error: invalid use of incomplete type ‘class YOLODetector’
[87.482s]    39 |         YOLODetector::TARGET_TYPE target_type;                                  // 目标类型
[87.482s]       |                       ^~~~~~~~~~~
[87.482s] /home/linhao/code/ros2/dxy_apm_ws/src/px4_ros_com/src/offboard_control/APMROS2drone/task/AppochTargetTask.h:13:7: note: forward declaration of ‘class YOLODetector’
[87.482s]    13 | class YOLODetector;
[87.482s]       |       ^~~~~~~~~~~~
[87.482s] /home/linhao/code/ros2/dxy_apm_ws/src/px4_ros_com/src/offboard_control/APMROS2drone/task/AppochTargetTask.cpp: In member function ‘bool AppochTargetTask::init(DeviceType)’:
[87.483s] /home/linhao/code/ros2/dxy_apm_ws/src/px4_ros_com/src/offboard_control/APMROS2drone/task/AppochTargetTask.cpp:47:23: error: request for member ‘clear’ in ‘((AppochTargetTask*)this)->targets’, which is of non-class type ‘int’
[87.483s]    47 |         this->targets.clear();
[87.483s]       |                       ^~~~~
[87.483s] /home/linhao/code/ros2/dxy_apm_ws/src/px4_ros_com/src/offboard_control/APMROS2drone/task/AppochTargetTask.cpp:63:69: error: ‘struct AppochTargetTask::Parameters’ has no member named ‘target_type’; did you mean ‘target_yaw’?
[87.483s]    63 |             target.category = YOLODetector::enumToString(parameters.target_type).append(parameters.config_device_name_suffix[i]);
[87.483s]       |                                                                     ^~~~~~~~~~~
[87.483s]       |                                                                     target_yaw
[87.483s] /home/linhao/code/ros2/dxy_apm_ws/src/px4_ros_com/src/offboard_control/APMROS2drone/task/AppochTargetTask.cpp:69:52: error: ‘tar_z’ was not declared in this scope
[87.483s]    69 |             target.z = (is_equal(target.z, 0.0f) ? tar_z : target.z);
[87.483s]       |                                                    ^~~~~
[87.484s] /home/linhao/code/ros2/dxy_apm_ws/src/px4_ros_com/src/offboard_control/APMROS2drone/task/AppochTargetTask.cpp:78:19: error: ‘class AppochTargetTask’ has no member named ‘image_targets’
[87.484s]    78 |             this->image_targets.push_back(target);
[87.484s]       |                   ^~~~~~~~~~~~~
[87.485s] /home/linhao/code/ros2/dxy_apm_ws/src/px4_ros_com/src/offboard_control/APMROS2drone/task/AppochTargetTask.cpp:83:31: error: ‘shot_duration’ was not declared in this scope; did you mean ‘find_duration’?
[87.485s]    83 |             radius, accuracy, shot_duration, shot_wait
[87.485s]       |                               ^~~~~~~~~~~~~
[87.485s]       |                               find_duration
[87.485s] /home/linhao/code/ros2/dxy_apm_ws/src/px4_ros_com/src/offboard_control/APMROS2drone/task/AppochTargetTask.cpp:83:46: error: ‘shot_wait’ was not declared in this scope
[87.485s]    83 |             radius, accuracy, shot_duration, shot_wait
[87.485s]       |                                              ^~~~~~~~~
[87.485s] /home/linhao/code/ros2/dxy_apm_ws/src/px4_ros_com/src/offboard_control/APMROS2drone/task/AppochTargetTask.cpp: In member function ‘bool AppochTargetTask::run(DeviceType)’:
[87.485s] /home/linhao/code/ros2/dxy_apm_ws/src/px4_ros_com/src/offboard_control/APMROS2drone/task/AppochTargetTask.cpp:118:61: error: ‘image_targets’ was not declared in this scope
[87.485s]   118 |         if (parameters.config_device_name_suffix.empty() && image_targets.empty()) {
[87.485s]       |                                                             ^~~~~~~~~~~~~
[87.485s] /home/linhao/code/ros2/dxy_apm_ws/src/px4_ros_com/src/offboard_control/APMROS2drone/task/AppochTargetTask.cpp:124:72: error: ‘image_targets’ was not declared in this scope
[87.485s]   124 |         if (parameters.device_index < 0 || (parameters.device_index >= image_targets.size() &&
[87.485s]       |                                                                        ^~~~~~~~~~~~~
[87.485s] /home/linhao/code/ros2/dxy_apm_ws/src/px4_ros_com/src/offboard_control/APMROS2drone/task/AppochTargetTask.cpp:132:38: error: ‘class AppochTargetTask’ has no member named ‘image_targets’
[87.485s]   132 |         for (size_t i = 0; i < this->image_targets.size(); i++)
[87.486s]       |                                      ^~~~~~~~~~~~~
[87.486s] /home/linhao/code/ros2/dxy_apm_ws/src/px4_ros_com/src/offboard_control/APMROS2drone/task/AppochTargetTask.cpp:134:19: error: ‘class AppochTargetTask’ has no member named ‘image_targets’
[87.486s]   134 |             this->image_targets[i].r = 1.0f; // 设置所有目标颜色为红色
[87.486s]       |                   ^~~~~~~~~~~~~
[87.486s] /home/linhao/code/ros2/dxy_apm_ws/src/px4_ros_com/src/offboard_control/APMROS2drone/task/AppochTargetTask.cpp:135:19: error: ‘class AppochTargetTask’ has no member named ‘image_targets’
[87.486s]   135 |             this->image_targets[i].g = 0.0f;
[87.486s]       |                   ^~~~~~~~~~~~~
[87.486s] /home/linhao/code/ros2/dxy_apm_ws/src/px4_ros_com/src/offboard_control/APMROS2drone/task/AppochTargetTask.cpp:136:19: error: ‘class AppochTargetTask’ has no member named ‘image_targets’
[87.486s]   136 |             this->image_targets[i].b = 0.0f;
[87.486s]       |                   ^~~~~~~~~~~~~
[87.486s] /home/linhao/code/ros2/dxy_apm_ws/src/px4_ros_com/src/offboard_control/APMROS2drone/task/AppochTargetTask.cpp:137:19: error: ‘class AppochTargetTask’ has no member named ‘image_targets’
[87.486s]   137 |             this->image_targets[i].relative_z = device->get_camera_gimbal()->get_position().z() - parameters.target_height; // 设置目标的高度为相机高度
[87.486s]       |                   ^~~~~~~~~~~~~
[87.486s] /home/linhao/code/ros2/dxy_apm_ws/src/px4_ros_com/src/offboard_control/APMROS2drone/task/AppochTargetTask.cpp:142:50: error: ‘class AppochTargetTask’ has no member named ‘image_targets’
[87.486s]   142 |         YOLODetector::Target temp_target = this->image_targets[0];
[87.486s]       |                                                  ^~~~~~~~~~~~~
[87.486s] /home/linhao/code/ros2/dxy_apm_ws/src/px4_ros_com/src/offboard_control/APMROS2drone/task/AppochTargetTask.cpp:143:32: error: ‘_camera_gimbal’ was not declared in this scope; did you mean ‘CameraGimbal’?
[87.487s]   143 |         auto shot_target_opt = _camera_gimbal->worldToPixel(getCurrentTargets());
[87.487s]       |                                ^~~~~~~~~~~~~~
[87.487s]       |                                CameraGimbal
[87.487s] /home/linhao/code/ros2/dxy_apm_ws/src/px4_ros_com/src/offboard_control/APMROS2drone/task/AppochTargetTask.cpp:148:74: error: ‘struct AppochTargetTask::Parameters’ has no member named ‘target_type’; did you mean ‘target_yaw’?
[87.487s]   148 |             temp_target.category = YOLODetector::enumToString(parameters.target_type).append("_t2p");
[87.487s]       |                                                                          ^~~~~~~~~~~
[87.487s]       |                                                                          target_yaw
[87.487s] /home/linhao/code/ros2/dxy_apm_ws/src/px4_ros_com/src/offboard_control/APMROS2drone/task/AppochTargetTask.cpp:155:47: error: ‘image_targets’ was not declared in this scope; did you mean ‘t2p_targets’?
[87.487s]   155 |             YOLODetector::Target t2p_target = image_targets[0];
[87.487s]       |                                               ^~~~~~~~~~~~~
[87.487s]       |                                               t2p_targets
[87.487s] /home/linhao/code/ros2/dxy_apm_ws/src/px4_ros_com/src/offboard_control/APMROS2drone/task/AppochTargetTask.cpp:173:77: error: ‘struct AppochTargetTask::Parameters’ has no member named ‘target_type’; did you mean ‘target_yaw’?
[87.487s]   173 |                 t2p_target.category = YOLODetector::enumToString(parameters.target_type).append("_d2p").append(parameters.config_device_name_suffix[i]);
[87.487s]       |                                                                             ^~~~~~~~~~~
[87.487s]       |                                                                             target_yaw
[87.487s] /home/linhao/code/ros2/dxy_apm_ws/src/px4_ros_com/src/offboard_control/APMROS2drone/task/AppochTargetTask.cpp:193:46: error: ‘image_targets’ was not declared in this scope; did you mean ‘t2p_targets’?
[87.487s]   193 |         } else if (parameters.device_index < image_targets.size()) {     // 使用读取的对应目标
[87.488s]       |                                              ^~~~~~~~~~~~~
[87.488s]       |                                              t2p_targets
[87.488s] /home/linhao/code/ros2/dxy_apm_ws/src/px4_ros_com/src/offboard_control/APMROS2drone/task/AppochTargetTask.cpp:209:28: error: ‘struct AppochTargetTask::Parameters’ has no member named ‘target_type’; did you mean ‘target_yaw’?
[87.488s]   209 |                 parameters.target_type,  // 目标类型
[87.488s]       |                            ^~~~~~~~~~~
[87.488s]       |                            target_yaw
[87.488s] /home/linhao/code/ros2/dxy_apm_ws/src/px4_ros_com/src/offboard_control/APMROS2drone/task/AppochTargetTask.cpp: In instantiation of ‘bool AppochTargetTask::run(DeviceType) [with DeviceType = std::shared_ptr<APMROS2Drone>]’:
[87.488s] /home/linhao/code/ros2/dxy_apm_ws/src/px4_ros_com/src/offboard_control/APMROS2drone/task/AppochTargetTask.cpp:253:104:   required from here
[87.489s] /home/linhao/code/ros2/dxy_apm_ws/src/px4_ros_com/src/offboard_control/APMROS2drone/task/AppochTargetTask.cpp:102:44: error: ‘using std::__shared_ptr_access<APMROS2Drone, __gnu_cxx::_S_atomic, false, false>::element_type = class APMROS2Drone’ {aka ‘class APMROS2Drone’} has no member named ‘get_pos_z’; did you mean ‘get_pos_3f’?
[87.489s]   102 |             if (is_equal(target_z, device->get_pos_z(), 0.40)) {
[87.489s]       |                                    ~~~~~~~~^~~~~~~~~
[87.489s]       |                                    get_pos_3f
[87.489s] /home/linhao/code/ros2/dxy_apm_ws/src/px4_ros_com/src/offboard_control/APMROS2drone/task/AppochTargetTask.cpp:105:42: error: ‘using std::__shared_ptr_access<APMROS2Drone, __gnu_cxx::_S_atomic, false, false>::element_type = class APMROS2Drone’ {aka ‘class APMROS2Drone’} has no member named ‘get_pos_z’; did you mean ‘get_pos_3f’?
[87.489s]   105 |                 target_z = 0.8 * device->get_pos_z() + target.z() + (device->get_pos_z() - target.z() > 0) ? -0.1 : +0.1;
[87.489s]       |                                  ~~~~~~~~^~~~~~~~~
[87.490s]       |                                  get_pos_3f
[87.490s] /home/linhao/code/ros2/dxy_apm_ws/src/px4_ros_com/src/offboard_control/APMROS2drone/task/AppochTargetTask.cpp:105:78: error: ‘using std::__shared_ptr_access<APMROS2Drone, __gnu_cxx::_S_atomic, false, false>::element_type = class APMROS2Drone’ {aka ‘class APMROS2Drone’} has no member named ‘get_pos_z’; did you mean ‘get_pos_3f’?
[87.490s]   105 |                 target_z = 0.8 * device->get_pos_z() + target.z() + (device->get_pos_z() - target.z() > 0) ? -0.1 : +0.1;
[87.490s]       |                                                                      ~~~~~~~~^~~~~~~~~
[87.490s]       |                                                                      get_pos_3f
[87.490s] /home/linhao/code/ros2/dxy_apm_ws/src/px4_ros_com/src/offboard_control/APMROS2drone/task/AppochTargetTask.cpp:108:44: error: ‘using std::__shared_ptr_access<APMROS2Drone, __gnu_cxx::_S_atomic, false, false>::element_type = class APMROS2Drone’ {aka ‘class APMROS2Drone’} has no member named ‘get_pos_z’; did you mean ‘get_pos_3f’?
[87.490s]   108 |             if (is_equal(target_z, device->get_pos_z(), 0.10)) {
[87.490s]       |                                    ~~~~~~~~^~~~~~~~~
[87.490s]       |                                    get_pos_3f
[87.490s] /home/linhao/code/ros2/dxy_apm_ws/src/px4_ros_com/src/offboard_control/APMROS2drone/task/AppochTargetTask.cpp:164:25: error: ‘using std::__shared_ptr_access<APMROS2Drone, __gnu_cxx::_S_atomic, false, false>::element_type = class APMROS2Drone’ {aka ‘class APMROS2Drone’} has no member named ‘get_target_position’
[87.490s]   164 |                 device->get_target_position().z() + this->device_position[i].z()
[87.490s]       |                 ~~~~~~~~^~~~~~~~~~~~~~~~~~~
[87.490s] gmake[2]: *** [CMakeFiles/offboard_control.dir/build.make:300: CMakeFiles/offboard_control.dir/src/offboard_control/APMROS2drone/task/AppochTargetTask.cpp.o] Error 1
[98.495s] In file included from /home/linhao/code/ros2/dxy_apm_ws/src/px4_ros_com/src/offboard_control/APMROS2drone/state/../state/states.h:3,
[98.516s]                  from /home/linhao/code/ros2/dxy_apm_ws/src/px4_ros_com/src/offboard_control/APMROS2drone/state/../APMROS2Drone.h:18,
[98.522s]                  from /home/linhao/code/ros2/dxy_apm_ws/src/px4_ros_com/src/offboard_control/APMROS2drone/state/StopState.h:3,
[98.522s]                  from /home/linhao/code/ros2/dxy_apm_ws/src/px4_ros_com/src/offboard_control/APMROS2drone/state/StopState.cpp:1:
[98.522s] /home/linhao/code/ros2/dxy_apm_ws/src/px4_ros_com/src/offboard_control/APMROS2drone/state/../state/DolandState.h:5:34: error: ‘APMROS2Drone’ was not declared in this scope; did you mean ‘ROS2Drone’?
[98.523s]     5 | class DolandState : public State<APMROS2Drone> {
[98.523s]       |                                  ^~~~~~~~~~~~
[98.523s]       |                                  ROS2Drone
[98.523s] /home/linhao/code/ros2/dxy_apm_ws/src/px4_ros_com/src/offboard_control/APMROS2drone/state/../state/DolandState.h:5:46: error: template argument 1 is invalid
[98.523s]     5 | class DolandState : public State<APMROS2Drone> {
[98.523s]       |                                              ^
[98.523s] /home/linhao/code/ros2/dxy_apm_ws/src/px4_ros_com/src/offboard_control/APMROS2drone/state/../state/DolandState.h:16:18: error: template argument required for ‘class State’
[98.523s]    16 |     friend class State;
[98.523s]       |                  ^~~~~
[98.524s] /home/linhao/code/ros2/dxy_apm_ws/src/px4_ros_com/src/offboard_control/APMROS2drone/state/../state/DolandState.h:16:5: error: friend declaration does not name a class or function
[98.524s]    16 |     friend class State;
[98.524s]       |     ^~~~~~
[98.524s] /home/linhao/code/ros2/dxy_apm_ws/src/px4_ros_com/src/offboard_control/APMROS2drone/state/../state/DolandState.h:13:10: error: ‘void DolandState::executeImpl() const’ marked ‘override’, but does not override
[98.524s]    13 |     void executeImpl() const override;
[98.524s]       |          ^~~~~~~~~~~
[98.524s] /home/linhao/code/ros2/dxy_apm_ws/src/px4_ros_com/src/offboard_control/APMROS2drone/state/../state/DolandState.h: In constructor ‘DolandState::DolandState()’:
[98.524s] /home/linhao/code/ros2/dxy_apm_ws/src/px4_ros_com/src/offboard_control/APMROS2drone/state/../state/DolandState.h:15:21: error: class ‘DolandState’ does not have any field named ‘State’
[98.524s]    15 |     DolandState() : State("doland", 4) {}
[98.524s]       |                     ^~~~~
[98.524s] In file included from /home/linhao/code/ros2/dxy_apm_ws/src/px4_ros_com/src/offboard_control/APMROS2drone/state/../state/states.h:4:
[98.524s] /home/linhao/code/ros2/dxy_apm_ws/src/px4_ros_com/src/offboard_control/APMROS2drone/state/../state/DoshotState.h: At global scope:
[98.524s] /home/linhao/code/ros2/dxy_apm_ws/src/px4_ros_com/src/offboard_control/APMROS2drone/state/../state/DoshotState.h:5:34: error: ‘APMROS2Drone’ was not declared in this scope; did you mean ‘ROS2Drone’?
[98.524s]     5 | class DoshotState : public State<APMROS2Drone> {
[98.524s]       |                                  ^~~~~~~~~~~~
[98.524s]       |                                  ROS2Drone
[98.525s] /home/linhao/code/ros2/dxy_apm_ws/src/px4_ros_com/src/offboard_control/APMROS2drone/state/../state/DoshotState.h:5:46: error: template argument 1 is invalid
[98.525s]     5 | class DoshotState : public State<APMROS2Drone> {
[98.525s]       |                                              ^
[98.525s] /home/linhao/code/ros2/dxy_apm_ws/src/px4_ros_com/src/offboard_control/APMROS2drone/state/../state/DoshotState.h:16:18: error: template argument required for ‘class State’
[98.525s]    16 |     friend class State;
[98.525s]       |                  ^~~~~
[98.525s] /home/linhao/code/ros2/dxy_apm_ws/src/px4_ros_com/src/offboard_control/APMROS2drone/state/../state/DoshotState.h:16:5: error: friend declaration does not name a class or function
[98.525s]    16 |     friend class State;
[98.525s]       |     ^~~~~~
[98.525s] /home/linhao/code/ros2/dxy_apm_ws/src/px4_ros_com/src/offboard_control/APMROS2drone/state/../state/DoshotState.h:13:10: error: ‘void DoshotState::executeImpl() const’ marked ‘override’, but does not override
[98.525s]    13 |     void executeImpl() const override;
[98.525s]       |          ^~~~~~~~~~~
[98.525s] /home/linhao/code/ros2/dxy_apm_ws/src/px4_ros_com/src/offboard_control/APMROS2drone/state/../state/DoshotState.h: In constructor ‘DoshotState::DoshotState()’:
[98.525s] /home/linhao/code/ros2/dxy_apm_ws/src/px4_ros_com/src/offboard_control/APMROS2drone/state/../state/DoshotState.h:15:21: error: class ‘DoshotState’ does not have any field named ‘State’
[98.525s]    15 |     DoshotState() : State("doshot", 0) {}
[98.525s]       |                     ^~~~~
[98.526s] In file included from /home/linhao/code/ros2/dxy_apm_ws/src/px4_ros_com/src/offboard_control/APMROS2drone/state/../state/states.h:5:
[98.526s] /home/linhao/code/ros2/dxy_apm_ws/src/px4_ros_com/src/offboard_control/APMROS2drone/state/../state/EndState.h: At global scope:
[98.526s] /home/linhao/code/ros2/dxy_apm_ws/src/px4_ros_com/src/offboard_control/APMROS2drone/state/../state/EndState.h:5:31: error: ‘APMROS2Drone’ was not declared in this scope; did you mean ‘ROS2Drone’?
[98.526s]     5 | class EndState : public State<APMROS2Drone> {
[98.526s]       |                               ^~~~~~~~~~~~
[98.526s]       |                               ROS2Drone
[98.526s] /home/linhao/code/ros2/dxy_apm_ws/src/px4_ros_com/src/offboard_control/APMROS2drone/state/../state/EndState.h:5:43: error: template argument 1 is invalid
[98.526s]     5 | class EndState : public State<APMROS2Drone> {
[98.526s]       |                                           ^
[98.526s] /home/linhao/code/ros2/dxy_apm_ws/src/px4_ros_com/src/offboard_control/APMROS2drone/state/../state/EndState.h:16:18: error: template argument required for ‘class State’
[98.526s]    16 |     friend class State;
[98.526s]       |                  ^~~~~
[98.527s] /home/linhao/code/ros2/dxy_apm_ws/src/px4_ros_com/src/offboard_control/APMROS2drone/state/../state/EndState.h:16:5: error: friend declaration does not name a class or function
[98.527s]    16 |     friend class State;
[98.527s]       |     ^~~~~~
[98.527s] /home/linhao/code/ros2/dxy_apm_ws/src/px4_ros_com/src/offboard_control/APMROS2drone/state/../state/EndState.h:13:10: error: ‘void EndState::executeImpl() const’ marked ‘override’, but does not override
[98.527s]    13 |     void executeImpl() const override;
[98.527s]       |          ^~~~~~~~~~~
[98.527s] /home/linhao/code/ros2/dxy_apm_ws/src/px4_ros_com/src/offboard_control/APMROS2drone/state/../state/EndState.h: In constructor ‘EndState::EndState()’:
[98.527s] /home/linhao/code/ros2/dxy_apm_ws/src/px4_ros_com/src/offboard_control/APMROS2drone/state/../state/EndState.h:15:18: error: class ‘EndState’ does not have any field named ‘State’
[98.527s]    15 |     EndState() : State("EndState", 2) {}
[98.527s]       |                  ^~~~~
[98.527s] In file included from /home/linhao/code/ros2/dxy_apm_ws/src/px4_ros_com/src/offboard_control/APMROS2drone/state/../state/states.h:6:
[98.527s] /home/linhao/code/ros2/dxy_apm_ws/src/px4_ros_com/src/offboard_control/APMROS2drone/state/../state/GotoScoutPointState.h: At global scope:
[98.527s] /home/linhao/code/ros2/dxy_apm_ws/src/px4_ros_com/src/offboard_control/APMROS2drone/state/../state/GotoScoutPointState.h:5:42: error: ‘APMROS2Drone’ was not declared in this scope; did you mean ‘ROS2Drone’?
[98.527s]     5 | class GotoScoutPointState : public State<APMROS2Drone> {
[98.527s]       |                                          ^~~~~~~~~~~~
[98.527s]       |                                          ROS2Drone
[98.527s] /home/linhao/code/ros2/dxy_apm_ws/src/px4_ros_com/src/offboard_control/APMROS2drone/state/../state/GotoScoutPointState.h:5:54: error: template argument 1 is invalid
[98.528s]     5 | class GotoScoutPointState : public State<APMROS2Drone> {
[98.528s]       |                                                      ^
[98.528s] /home/linhao/code/ros2/dxy_apm_ws/src/px4_ros_com/src/offboard_control/APMROS2drone/state/../state/GotoScoutPointState.h:17:18: error: template argument required for ‘class State’
[98.528s]    17 |     friend class State;
[98.528s]       |                  ^~~~~
[98.528s] /home/linhao/code/ros2/dxy_apm_ws/src/px4_ros_com/src/offboard_control/APMROS2drone/state/../state/GotoScoutPointState.h:17:5: error: friend declaration does not name a class or function
[98.528s]    17 |     friend class State;
[98.528s]       |     ^~~~~~
[98.530s] /home/linhao/code/ros2/dxy_apm_ws/src/px4_ros_com/src/offboard_control/APMROS2drone/state/../state/GotoScoutPointState.h:13:10: error: ‘void GotoScoutPointState::executeImpl() const’ marked ‘override’, but does not override
[98.530s]    13 |     void executeImpl() const override;
[98.530s]       |          ^~~~~~~~~~~
[98.530s] /home/linhao/code/ros2/dxy_apm_ws/src/px4_ros_com/src/offboard_control/APMROS2drone/state/../state/GotoScoutPointState.h: In constructor ‘GotoScoutPointState::GotoScoutPointState()’:
[98.530s] /home/linhao/code/ros2/dxy_apm_ws/src/px4_ros_com/src/offboard_control/APMROS2drone/state/../state/GotoScoutPointState.h:16:29: error: class ‘GotoScoutPointState’ does not have any field named ‘State’
[98.530s]    16 |     GotoScoutPointState() : State("goto_scoutpoint", 1) {}
[98.530s]       |                             ^~~~~
[98.530s] In file included from /home/linhao/code/ros2/dxy_apm_ws/src/px4_ros_com/src/offboard_control/APMROS2drone/state/../state/states.h:7:
[98.530s] /home/linhao/code/ros2/dxy_apm_ws/src/px4_ros_com/src/offboard_control/APMROS2drone/state/../state/GotoShotPointState.h: At global scope:
[98.530s] /home/linhao/code/ros2/dxy_apm_ws/src/px4_ros_com/src/offboard_control/APMROS2drone/state/../state/GotoShotPointState.h:5:41: error: ‘APMROS2Drone’ was not declared in this scope; did you mean ‘ROS2Drone’?
[98.531s]     5 | class GotoShotPointState : public State<APMROS2Drone> {
[98.531s]       |                                         ^~~~~~~~~~~~
[98.531s]       |                                         ROS2Drone
[98.531s] /home/linhao/code/ros2/dxy_apm_ws/src/px4_ros_com/src/offboard_control/APMROS2drone/state/../state/GotoShotPointState.h:5:53: error: template argument 1 is invalid
[98.531s]     5 | class GotoShotPointState : public State<APMROS2Drone> {
[98.531s]       |                                                     ^
[98.531s] /home/linhao/code/ros2/dxy_apm_ws/src/px4_ros_com/src/offboard_control/APMROS2drone/state/../state/GotoShotPointState.h:17:18: error: template argument required for ‘class State’
[98.531s]    17 |     friend class State;
[98.531s]       |                  ^~~~~
[98.531s] /home/linhao/code/ros2/dxy_apm_ws/src/px4_ros_com/src/offboard_control/APMROS2drone/state/../state/GotoShotPointState.h:17:5: error: friend declaration does not name a class or function
[98.531s]    17 |     friend class State;
[98.531s]       |     ^~~~~~
[98.531s] /home/linhao/code/ros2/dxy_apm_ws/src/px4_ros_com/src/offboard_control/APMROS2drone/state/../state/GotoShotPointState.h:13:10: error: ‘void GotoShotPointState::executeImpl() const’ marked ‘override’, but does not override
[98.531s]    13 |     void executeImpl() const override;
[98.531s]       |          ^~~~~~~~~~~
[98.532s] /home/linhao/code/ros2/dxy_apm_ws/src/px4_ros_com/src/offboard_control/APMROS2drone/state/../state/GotoShotPointState.h: In constructor ‘GotoShotPointState::GotoShotPointState()’:
[98.532s] /home/linhao/code/ros2/dxy_apm_ws/src/px4_ros_com/src/offboard_control/APMROS2drone/state/../state/GotoShotPointState.h:16:28: error: class ‘GotoShotPointState’ does not have any field named ‘State’
[98.532s]    16 |     GotoShotPointState() : State("goto_shotpoint", 1) {}
[98.532s]       |                            ^~~~~
[98.532s] In file included from /home/linhao/code/ros2/dxy_apm_ws/src/px4_ros_com/src/offboard_control/APMROS2drone/state/../state/states.h:8:
[98.532s] /home/linhao/code/ros2/dxy_apm_ws/src/px4_ros_com/src/offboard_control/APMROS2drone/state/../state/InitState.h: At global scope:
[98.532s] /home/linhao/code/ros2/dxy_apm_ws/src/px4_ros_com/src/offboard_control/APMROS2drone/state/../state/InitState.h:8:36: error: ‘APMROS2Drone’ was not declared in this scope; did you mean ‘ROS2Drone’?
[98.532s]     8 |     class InitState : public State<APMROS2Drone> {
[98.532s]       |                                    ^~~~~~~~~~~~
[98.532s]       |                                    ROS2Drone
[98.532s] /home/linhao/code/ros2/dxy_apm_ws/src/px4_ros_com/src/offboard_control/APMROS2drone/state/../state/InitState.h:8:48: error: template argument 1 is invalid
[98.532s]     8 |     class InitState : public State<APMROS2Drone> {
[98.532s]       |                                                ^
[98.532s] /home/linhao/code/ros2/dxy_apm_ws/src/px4_ros_com/src/offboard_control/APMROS2drone/state/../state/InitState.h:20:22: error: template argument required for ‘class State’
[98.533s]    20 |         friend class State;
[98.533s]       |                      ^~~~~
[98.533s] /home/linhao/code/ros2/dxy_apm_ws/src/px4_ros_com/src/offboard_control/APMROS2drone/state/../state/InitState.h:20:9: error: friend declaration does not name a class or function
[98.533s]    20 |         friend class State;
[98.533s]       |         ^~~~~~
[98.533s] /home/linhao/code/ros2/dxy_apm_ws/src/px4_ros_com/src/offboard_control/APMROS2drone/state/../state/InitState.h:16:14: error: ‘void InitState::executeImpl() const’ marked ‘override’, but does not override
[98.533s]    16 |         void executeImpl() const override;
[98.533s]       |              ^~~~~~~~~~~
[98.533s] /home/linhao/code/ros2/dxy_apm_ws/src/px4_ros_com/src/offboard_control/APMROS2drone/state/../state/InitState.h: In constructor ‘InitState::InitState()’:
[98.533s] /home/linhao/code/ros2/dxy_apm_ws/src/px4_ros_com/src/offboard_control/APMROS2drone/state/../state/InitState.h:19:23: error: class ‘InitState’ does not have any field named ‘State’
[98.533s]    19 |         InitState() : State("init", 1) {}
[98.533s]       |                       ^~~~~
[98.533s] In file included from /home/linhao/code/ros2/dxy_apm_ws/src/px4_ros_com/src/offboard_control/APMROS2drone/state/../state/states.h:9:
[98.533s] /home/linhao/code/ros2/dxy_apm_ws/src/px4_ros_com/src/offboard_control/APMROS2drone/state/../state/ReflushConfigState.h: At global scope:
[98.533s] /home/linhao/code/ros2/dxy_apm_ws/src/px4_ros_com/src/offboard_control/APMROS2drone/state/../state/ReflushConfigState.h:6:41: error: ‘APMROS2Drone’ was not declared in this scope; did you mean ‘ROS2Drone’?
[98.533s]     6 | class ReflushConfigState : public State<APMROS2Drone> {
[98.533s]       |                                         ^~~~~~~~~~~~
[98.534s]       |                                         ROS2Drone
[98.534s] /home/linhao/code/ros2/dxy_apm_ws/src/px4_ros_com/src/offboard_control/APMROS2drone/state/../state/ReflushConfigState.h:6:53: error: template argument 1 is invalid
[98.534s]     6 | class ReflushConfigState : public State<APMROS2Drone> {
[98.534s]       |                                                     ^
[98.534s] /home/linhao/code/ros2/dxy_apm_ws/src/px4_ros_com/src/offboard_control/APMROS2drone/state/../state/ReflushConfigState.h:18:18: error: template argument required for ‘class State’
[98.534s]    18 |     friend class State;
[98.534s]       |                  ^~~~~
[98.534s] /home/linhao/code/ros2/dxy_apm_ws/src/px4_ros_com/src/offboard_control/APMROS2drone/state/../state/ReflushConfigState.h:18:5: error: friend declaration does not name a class or function
[98.534s]    18 |     friend class State;
[98.534s]       |     ^~~~~~
[98.534s] /home/linhao/code/ros2/dxy_apm_ws/src/px4_ros_com/src/offboard_control/APMROS2drone/state/../state/ReflushConfigState.h:14:10: error: ‘void ReflushConfigState::executeImpl() const’ marked ‘override’, but does not override
[98.534s]    14 |     void executeImpl() const override;
[98.534s]       |          ^~~~~~~~~~~
[98.534s] /home/linhao/code/ros2/dxy_apm_ws/src/px4_ros_com/src/offboard_control/APMROS2drone/state/../state/ReflushConfigState.h: In constructor ‘ReflushConfigState::ReflushConfigState()’:
[98.534s] /home/linhao/code/ros2/dxy_apm_ws/src/px4_ros_com/src/offboard_control/APMROS2drone/state/../state/ReflushConfigState.h:17:28: error: class ‘ReflushConfigState’ does not have any field named ‘State’
[98.534s]    17 |     ReflushConfigState() : State("reflush_config", 1) {}
[98.534s]       |                            ^~~~~
[98.535s] In file included from /home/linhao/code/ros2/dxy_apm_ws/src/px4_ros_com/src/offboard_control/APMROS2drone/state/../state/states.h:10:
[98.535s] /home/linhao/code/ros2/dxy_apm_ws/src/px4_ros_com/src/offboard_control/APMROS2drone/state/../state/StopState.h: At global scope:
[98.535s] /home/linhao/code/ros2/dxy_apm_ws/src/px4_ros_com/src/offboard_control/APMROS2drone/state/../state/StopState.h:6:32: error: ‘APMROS2Drone’ was not declared in this scope; did you mean ‘ROS2Drone’?
[98.535s]     6 | class StopState : public State<APMROS2Drone> {
[98.535s]       |                                ^~~~~~~~~~~~
[98.535s]       |                                ROS2Drone
[98.535s] /home/linhao/code/ros2/dxy_apm_ws/src/px4_ros_com/src/offboard_control/APMROS2drone/state/../state/StopState.h:6:44: error: template argument 1 is invalid
[98.535s]     6 | class StopState : public State<APMROS2Drone> {
[98.535s]       |                                            ^
[98.535s] /home/linhao/code/ros2/dxy_apm_ws/src/px4_ros_com/src/offboard_control/APMROS2drone/state/../state/StopState.h:18:18: error: template argument required for ‘class State’
[98.535s]    18 |     friend class State;
[98.535s]       |                  ^~~~~
[98.535s] /home/linhao/code/ros2/dxy_apm_ws/src/px4_ros_com/src/offboard_control/APMROS2drone/state/../state/StopState.h:18:5: error: friend declaration does not name a class or function
[98.535s]    18 |     friend class State;
[98.535s]       |     ^~~~~~
[98.535s] /home/linhao/code/ros2/dxy_apm_ws/src/px4_ros_com/src/offboard_control/APMROS2drone/state/../state/StopState.h:14:10: error: ‘void StopState::executeImpl() const’ marked ‘override’, but does not override
[98.536s]    14 |     void executeImpl() const override;
[98.536s]       |          ^~~~~~~~~~~
[98.536s] /home/linhao/code/ros2/dxy_apm_ws/src/px4_ros_com/src/offboard_control/APMROS2drone/state/../state/StopState.h: In constructor ‘StopState::StopState()’:
[98.536s] /home/linhao/code/ros2/dxy_apm_ws/src/px4_ros_com/src/offboard_control/APMROS2drone/state/../state/StopState.h:17:19: error: class ‘StopState’ does not have any field named ‘State’
[98.536s]    17 |     StopState() : State("stop", 1) {}
[98.536s]       |                   ^~~~~
[98.536s] In file included from /home/linhao/code/ros2/dxy_apm_ws/src/px4_ros_com/src/offboard_control/APMROS2drone/state/../state/states.h:11:
[98.536s] /home/linhao/code/ros2/dxy_apm_ws/src/px4_ros_com/src/offboard_control/APMROS2drone/state/../state/SurroundSeeState.h: At global scope:
[98.536s] /home/linhao/code/ros2/dxy_apm_ws/src/px4_ros_com/src/offboard_control/APMROS2drone/state/../state/SurroundSeeState.h:6:39: error: ‘APMROS2Drone’ was not declared in this scope; did you mean ‘ROS2Drone’?
[98.536s]     6 | class SurroundSeeState : public State<APMROS2Drone> {
[98.536s]       |                                       ^~~~~~~~~~~~
[98.536s]       |                                       ROS2Drone
[98.536s] /home/linhao/code/ros2/dxy_apm_ws/src/px4_ros_com/src/offboard_control/APMROS2drone/state/../state/SurroundSeeState.h:6:51: error: template argument 1 is invalid
[98.536s]     6 | class SurroundSeeState : public State<APMROS2Drone> {
[98.536s]       |                                                   ^
[98.536s] /home/linhao/code/ros2/dxy_apm_ws/src/px4_ros_com/src/offboard_control/APMROS2drone/state/../state/SurroundSeeState.h:18:18: error: template argument required for ‘class State’
[98.537s]    18 |     friend class State;
[98.537s]       |                  ^~~~~
[98.537s] /home/linhao/code/ros2/dxy_apm_ws/src/px4_ros_com/src/offboard_control/APMROS2drone/state/../state/SurroundSeeState.h:18:5: error: friend declaration does not name a class or function
[98.537s]    18 |     friend class State;
[98.537s]       |     ^~~~~~
[98.537s] /home/linhao/code/ros2/dxy_apm_ws/src/px4_ros_com/src/offboard_control/APMROS2drone/state/../state/SurroundSeeState.h:14:10: error: ‘void SurroundSeeState::executeImpl() const’ marked ‘override’, but does not override
[98.537s]    14 |     void executeImpl() const override;
[98.537s]       |          ^~~~~~~~~~~
[98.537s] /home/linhao/code/ros2/dxy_apm_ws/src/px4_ros_com/src/offboard_control/APMROS2drone/state/../state/SurroundSeeState.h: In constructor ‘SurroundSeeState::SurroundSeeState()’:
[98.537s] /home/linhao/code/ros2/dxy_apm_ws/src/px4_ros_com/src/offboard_control/APMROS2drone/state/../state/SurroundSeeState.h:17:26: error: class ‘SurroundSeeState’ does not have any field named ‘State’
[98.537s]    17 |     SurroundSeeState() : State("surround_see", 3) {}
[98.537s]       |                          ^~~~~
[98.537s] In file included from /home/linhao/code/ros2/dxy_apm_ws/src/px4_ros_com/src/offboard_control/APMROS2drone/state/../state/states.h:12:
[98.537s] /home/linhao/code/ros2/dxy_apm_ws/src/px4_ros_com/src/offboard_control/APMROS2drone/state/../state/TakeoffState.h: At global scope:
[98.537s] /home/linhao/code/ros2/dxy_apm_ws/src/px4_ros_com/src/offboard_control/APMROS2drone/state/../state/TakeoffState.h:6:35: error: ‘APMROS2Drone’ was not declared in this scope; did you mean ‘ROS2Drone’?
[98.537s]     6 | class TakeoffState : public State<APMROS2Drone> {
[98.538s]       |                                   ^~~~~~~~~~~~
[98.538s]       |                                   ROS2Drone
[98.538s] /home/linhao/code/ros2/dxy_apm_ws/src/px4_ros_com/src/offboard_control/APMROS2drone/state/../state/TakeoffState.h:6:47: error: template argument 1 is invalid
[98.538s]     6 | class TakeoffState : public State<APMROS2Drone> {
[98.538s]       |                                               ^
[98.538s] /home/linhao/code/ros2/dxy_apm_ws/src/px4_ros_com/src/offboard_control/APMROS2drone/state/../state/TakeoffState.h:18:18: error: template argument required for ‘class State’
[98.538s]    18 |     friend class State;
[98.538s]       |                  ^~~~~
[98.538s] /home/linhao/code/ros2/dxy_apm_ws/src/px4_ros_com/src/offboard_control/APMROS2drone/state/../state/TakeoffState.h:18:5: error: friend declaration does not name a class or function
[98.538s]    18 |     friend class State;
[98.538s]       |     ^~~~~~
[98.538s] /home/linhao/code/ros2/dxy_apm_ws/src/px4_ros_com/src/offboard_control/APMROS2drone/state/../state/TakeoffState.h:14:10: error: ‘void TakeoffState::executeImpl() const’ marked ‘override’, but does not override
[98.538s]    14 |     void executeImpl() const override;
[98.538s]       |          ^~~~~~~~~~~
[98.538s] /home/linhao/code/ros2/dxy_apm_ws/src/px4_ros_com/src/offboard_control/APMROS2drone/state/../state/TakeoffState.h: In constructor ‘TakeoffState::TakeoffState()’:
[98.538s] /home/linhao/code/ros2/dxy_apm_ws/src/px4_ros_com/src/offboard_control/APMROS2drone/state/../state/TakeoffState.h:17:22: error: class ‘TakeoffState’ does not have any field named ‘State’
[98.538s]    17 |     TakeoffState() : State("takeoff", 1) {}
[98.539s]       |                      ^~~~~
[98.539s] In file included from /home/linhao/code/ros2/dxy_apm_ws/src/px4_ros_com/src/offboard_control/APMROS2drone/state/../state/states.h:13:
[98.539s] /home/linhao/code/ros2/dxy_apm_ws/src/px4_ros_com/src/offboard_control/APMROS2drone/state/../state/TerminalControlState.h: At global scope:
[98.539s] /home/linhao/code/ros2/dxy_apm_ws/src/px4_ros_com/src/offboard_control/APMROS2drone/state/../state/TerminalControlState.h:6:43: error: ‘APMROS2Drone’ was not declared in this scope; did you mean ‘ROS2Drone’?
[98.539s]     6 | class TerminalControlState : public State<APMROS2Drone> {
[98.539s]       |                                           ^~~~~~~~~~~~
[98.539s]       |                                           ROS2Drone
[98.539s] /home/linhao/code/ros2/dxy_apm_ws/src/px4_ros_com/src/offboard_control/APMROS2drone/state/../state/TerminalControlState.h:6:55: error: template argument 1 is invalid
[98.539s]     6 | class TerminalControlState : public State<APMROS2Drone> {
[98.539s]       |                                                       ^
[98.539s] /home/linhao/code/ros2/dxy_apm_ws/src/px4_ros_com/src/offboard_control/APMROS2drone/state/../state/TerminalControlState.h:17:18: error: template argument required for ‘class State’
[98.539s]    17 |     friend class State;
[98.539s]       |                  ^~~~~
[98.539s] /home/linhao/code/ros2/dxy_apm_ws/src/px4_ros_com/src/offboard_control/APMROS2drone/state/../state/TerminalControlState.h:17:5: error: friend declaration does not name a class or function
[98.539s]    17 |     friend class State;
[98.539s]       |     ^~~~~~
[98.540s] /home/linhao/code/ros2/dxy_apm_ws/src/px4_ros_com/src/offboard_control/APMROS2drone/state/../state/TerminalControlState.h:14:10: error: ‘void TerminalControlState::executeImpl() const’ marked ‘override’, but does not override
[98.540s]    14 |     void executeImpl() const override;
[98.540s]       |          ^~~~~~~~~~~
[98.540s] /home/linhao/code/ros2/dxy_apm_ws/src/px4_ros_com/src/offboard_control/APMROS2drone/state/../state/TerminalControlState.h: In constructor ‘TerminalControlState::TerminalControlState()’:
[98.540s] /home/linhao/code/ros2/dxy_apm_ws/src/px4_ros_com/src/offboard_control/APMROS2drone/state/../state/TerminalControlState.h:16:30: error: class ‘TerminalControlState’ does not have any field named ‘State’
[98.540s]    16 |     TerminalControlState() : State("terminal_control", 1) {}
[98.540s]       |                              ^~~~~
[98.540s] /home/linhao/code/ros2/dxy_apm_ws/src/px4_ros_com/src/offboard_control/APMROS2drone/state/StopState.h: At global scope:
[98.540s] /home/linhao/code/ros2/dxy_apm_ws/src/px4_ros_com/src/offboard_control/APMROS2drone/state/StopState.h:6:7: error: redefinition of ‘class StopState’
[98.540s]     6 | class StopState : public State<APMROS2Drone> {
[98.540s]       |       ^~~~~~~~~
[98.540s] /home/linhao/code/ros2/dxy_apm_ws/src/px4_ros_com/src/offboard_control/APMROS2drone/state/../state/StopState.h:6:7: note: previous definition of ‘class StopState’
[98.540s]     6 | class StopState : public State<APMROS2Drone> {
[98.540s]       |       ^~~~~~~~~
[98.540s] /home/linhao/code/ros2/dxy_apm_ws/src/px4_ros_com/src/offboard_control/APMROS2drone/state/StopState.cpp:4:37: error: virt-specifiers in ‘executeImpl’ not allowed outside a class definition
[98.540s]     4 | void StopState::executeImpl() const override {
[98.540s]       |                                     ^~~~~~~~
[98.540s] /home/linhao/code/ros2/dxy_apm_ws/src/px4_ros_com/src/offboard_control/APMROS2drone/state/StopState.cpp: In member function ‘void StopState::executeImpl() const’:
[98.541s] /home/linhao/code/ros2/dxy_apm_ws/src/px4_ros_com/src/offboard_control/APMROS2drone/state/StopState.cpp:8:40: error: no match for ‘operator==’ (operand types are ‘const State<APMROS2Drone>’ and ‘const StopState’)
[98.541s]     8 |     if (stateMachine.getCurrentState() == StopState::getInstance()) {
[98.541s]       |         ~~~~~~~~~~~~~~~~~~~~~~~~~~~~~~ ^~ ~~~~~~~~~~~~~~~~~~~~~~~~
[98.541s]       |                                     |                           |
[98.541s]       |                                     const State<APMROS2Drone>   const StopState
[98.541s] In file included from /home/linhao/code/ros2/dxy_apm_ws/src/px4_ros_com/src/offboard_control/APMROS2drone/state/StopState.h:2:
[98.541s] /home/linhao/code/ros2/dxy_apm_ws/src/px4_ros_com/src/offboard_control/APMROS2drone/state/../../stateMachine/State.h:55:14: note: candidate: ‘bool State<T>::operator==(const State<T>&) const [with T = APMROS2Drone]’
[98.541s]    55 |         bool operator==(const State& other) const {
[98.541s]       |              ^~~~~~~~
[98.541s] /home/linhao/code/ros2/dxy_apm_ws/src/px4_ros_com/src/offboard_control/APMROS2drone/state/../../stateMachine/State.h:55:38: note:   no known conversion for argument 1 from ‘const StopState’ to ‘const State<APMROS2Drone>&’
[98.541s]    55 |         bool operator==(const State& other) const {
[98.541s]       |                         ~~~~~~~~~~~~~^~~~~
[98.541s] In file included from /usr/include/c++/13/memory:65,
[98.541s]                  from /home/linhao/code/ros2/dxy_apm_ws/src/px4_ros_com/src/offboard_control/APMROS2drone/state/../../stateMachine/State.h:2:
[98.541s] /usr/include/c++/13/bits/allocator.h:237:5: note: candidate: ‘template<class _T1, class _T2> bool std::operator==(const allocator<_Tp1>&, const allocator<_T2>&)’
[98.541s]   237 |     operator==(const allocator<_T1>&, const allocator<_T2>&)
[98.541s]       |     ^~~~~~~~
[98.542s] /usr/include/c++/13/bits/allocator.h:237:5: note:   template argument deduction/substitution failed:
[98.542s] /home/linhao/code/ros2/dxy_apm_ws/src/px4_ros_com/src/offboard_control/APMROS2drone/state/StopState.cpp:8:66: note:   ‘const State<APMROS2Drone>’ is not derived from ‘const std::allocator<_Tp1>’
[98.542s]     8 |     if (stateMachine.getCurrentState() == StopState::getInstance()) {
[98.542s]       |                                                                  ^
[98.542s] In file included from /usr/include/c++/13/bits/stl_tempbuf.h:62,
[98.542s]                  from /usr/include/c++/13/memory:66:
[98.542s] /usr/include/c++/13/bits/stl_pair.h:812:5: note: candidate: ‘template<class _T1, class _T2> constexpr bool std::operator==(const pair<_T1, _T2>&, const pair<_T1, _T2>&)’
[98.542s]   812 |     operator==(const pair<_T1, _T2>& __x, const pair<_T1, _T2>& __y)
[98.542s]       |     ^~~~~~~~
[98.542s] /usr/include/c++/13/bits/stl_pair.h:812:5: note:   template argument deduction/substitution failed:
[98.542s] /home/linhao/code/ros2/dxy_apm_ws/src/px4_ros_com/src/offboard_control/APMROS2drone/state/StopState.cpp:8:66: note:   ‘const State<APMROS2Drone>’ is not derived from ‘const std::pair<_T1, _T2>’
[98.542s]     8 |     if (stateMachine.getCurrentState() == StopState::getInstance()) {
[98.542s]       |                                                                  ^
[98.542s] In file included from /usr/include/c++/13/bits/stl_algobase.h:67,
[98.542s]                  from /usr/include/c++/13/bits/stl_uninitialized.h:63,
[98.542s]                  from /usr/include/c++/13/memory:69:
[98.542s] /usr/include/c++/13/bits/stl_iterator.h:448:5: note: candidate: ‘template<class _Iterator> constexpr bool std::operator==(const reverse_iterator<_Iterator>&, const reverse_iterator<_Iterator>&)’
[98.543s]   448 |     operator==(const reverse_iterator<_Iterator>& __x,
[98.543s]       |     ^~~~~~~~
[98.543s] /usr/include/c++/13/bits/stl_iterator.h:448:5: note:   template argument deduction/substitution failed:
[98.543s] /home/linhao/code/ros2/dxy_apm_ws/src/px4_ros_com/src/offboard_control/APMROS2drone/state/StopState.cpp:8:66: note:   ‘const State<APMROS2Drone>’ is not derived from ‘const std::reverse_iterator<_Iterator>’
[98.543s]     8 |     if (stateMachine.getCurrentState() == StopState::getInstance()) {
[98.543s]       |                                                                  ^
[98.543s] /usr/include/c++/13/bits/stl_iterator.h:493:5: note: candidate: ‘template<class _IteratorL, class _IteratorR> constexpr bool std::operator==(const reverse_iterator<_Iterator>&, const reverse_iterator<_IteratorR>&)’
[98.543s]   493 |     operator==(const reverse_iterator<_IteratorL>& __x,
[98.543s]       |     ^~~~~~~~
[98.543s] /usr/include/c++/13/bits/stl_iterator.h:493:5: note:   template argument deduction/substitution failed:
[98.543s] /home/linhao/code/ros2/dxy_apm_ws/src/px4_ros_com/src/offboard_control/APMROS2drone/state/StopState.cpp:8:66: note:   ‘const State<APMROS2Drone>’ is not derived from ‘const std::reverse_iterator<_Iterator>’
[98.543s]     8 |     if (stateMachine.getCurrentState() == StopState::getInstance()) {
[98.543s]       |                                                                  ^
[98.544s] /usr/include/c++/13/bits/stl_iterator.h:1678:5: note: candidate: ‘template<class _IteratorL, class _IteratorR> constexpr bool std::operator==(const move_iterator<_IteratorL>&, const move_iterator<_IteratorR>&)’
[98.544s]  1678 |     operator==(const move_iterator<_IteratorL>& __x,
[98.544s]       |     ^~~~~~~~
[98.544s] /usr/include/c++/13/bits/stl_iterator.h:1678:5: note:   template argument deduction/substitution failed:
[98.544s] /home/linhao/code/ros2/dxy_apm_ws/src/px4_ros_com/src/offboard_control/APMROS2drone/state/StopState.cpp:8:66: note:   ‘const State<APMROS2Drone>’ is not derived from ‘const std::move_iterator<_IteratorL>’
[98.544s]     8 |     if (stateMachine.getCurrentState() == StopState::getInstance()) {
[98.544s]       |                                                                  ^
[98.544s] /usr/include/c++/13/bits/stl_iterator.h:1748:5: note: candidate: ‘template<class _Iterator> constexpr bool std::operator==(const move_iterator<_IteratorL>&, const move_iterator<_IteratorL>&)’
[98.544s]  1748 |     operator==(const move_iterator<_Iterator>& __x,
[98.544s]       |     ^~~~~~~~
[98.544s] /usr/include/c++/13/bits/stl_iterator.h:1748:5: note:   template argument deduction/substitution failed:
[98.544s] /home/linhao/code/ros2/dxy_apm_ws/src/px4_ros_com/src/offboard_control/APMROS2drone/state/StopState.cpp:8:66: note:   ‘const State<APMROS2Drone>’ is not derived from ‘const std::move_iterator<_IteratorL>’
[98.544s]     8 |     if (stateMachine.getCurrentState() == StopState::getInstance()) {
[98.544s]       |                                                                  ^
[98.544s] In file included from /usr/include/c++/13/bits/unique_ptr.h:36,
[98.544s]                  from /usr/include/c++/13/memory:78:
[98.544s] /usr/include/c++/13/tuple:1919:5: note: candidate: ‘template<class ... _TElements, class ... _UElements> constexpr bool std::operator==(const tuple<_UTypes ...>&, const tuple<_UTypes ...>&)’
[98.545s]  1919 |     operator==(const tuple<_TElements...>& __t,
[98.545s]       |     ^~~~~~~~
[98.545s] /usr/include/c++/13/tuple:1919:5: note:   template argument deduction/substitution failed:
[98.545s] /home/linhao/code/ros2/dxy_apm_ws/src/px4_ros_com/src/offboard_control/APMROS2drone/state/StopState.cpp:8:66: note:   ‘const State<APMROS2Drone>’ is not derived from ‘const std::tuple<_UTypes ...>’
[98.545s]     8 |     if (stateMachine.getCurrentState() == StopState::getInstance()) {
[98.545s]       |                                                                  ^
[98.545s] /usr/include/c++/13/bits/unique_ptr.h:829:5: note: candidate: ‘template<class _Tp, class _Dp, class _Up, class _Ep> bool std::operator==(const unique_ptr<_Tp, _Dp>&, const unique_ptr<_Up, _Ep>&)’
[98.545s]   829 |     operator==(const unique_ptr<_Tp, _Dp>& __x,
[98.545s]       |     ^~~~~~~~
[98.545s] /usr/include/c++/13/bits/unique_ptr.h:829:5: note:   template argument deduction/substitution failed:
[98.545s] /home/linhao/code/ros2/dxy_apm_ws/src/px4_ros_com/src/offboard_control/APMROS2drone/state/StopState.cpp:8:66: note:   ‘const State<APMROS2Drone>’ is not derived from ‘const std::unique_ptr<_Tp, _Dp>’
[98.545s]     8 |     if (stateMachine.getCurrentState() == StopState::getInstance()) {
[98.545s]       |                                                                  ^
[98.546s] /usr/include/c++/13/bits/unique_ptr.h:837:5: note: candidate: ‘template<class _Tp, class _Dp> bool std::operator==(const unique_ptr<_Tp, _Dp>&, nullptr_t)’
[98.546s]   837 |     operator==(const unique_ptr<_Tp, _Dp>& __x, nullptr_t) noexcept
[98.546s]       |     ^~~~~~~~
[98.546s] /usr/include/c++/13/bits/unique_ptr.h:837:5: note:   template argument deduction/substitution failed:
[98.546s] /home/linhao/code/ros2/dxy_apm_ws/src/px4_ros_com/src/offboard_control/APMROS2drone/state/StopState.cpp:8:66: note:   ‘const State<APMROS2Drone>’ is not derived from ‘const std::unique_ptr<_Tp, _Dp>’
[98.546s]     8 |     if (stateMachine.getCurrentState() == StopState::getInstance()) {
[98.546s]       |                                                                  ^
[98.546s] /usr/include/c++/13/bits/unique_ptr.h:845:5: note: candidate: ‘template<class _Tp, class _Dp> bool std::operator==(nullptr_t, const unique_ptr<_Tp, _Dp>&)’
[98.546s]   845 |     operator==(nullptr_t, const unique_ptr<_Tp, _Dp>& __x) noexcept
[98.546s]       |     ^~~~~~~~
[98.546s] /usr/include/c++/13/bits/unique_ptr.h:845:5: note:   template argument deduction/substitution failed:
[98.546s] /home/linhao/code/ros2/dxy_apm_ws/src/px4_ros_com/src/offboard_control/APMROS2drone/state/StopState.cpp:8:66: note:   ‘const StopState’ is not derived from ‘const std::unique_ptr<_Tp, _Dp>’
[98.546s]     8 |     if (stateMachine.getCurrentState() == StopState::getInstance()) {
[98.546s]       |                                                                  ^
[98.546s] In file included from /usr/include/c++/13/iosfwd:42,
[98.546s]                  from /usr/include/c++/13/bits/shared_ptr.h:52,
[98.546s]                  from /usr/include/c++/13/memory:80:
[98.546s] /usr/include/c++/13/bits/postypes.h:192:5: note: candidate: ‘template<class _StateT> bool std::operator==(const fpos<_StateT>&, const fpos<_StateT>&)’
[98.547s]   192 |     operator==(const fpos<_StateT>& __lhs, const fpos<_StateT>& __rhs)
[98.547s]       |     ^~~~~~~~
[98.547s] /usr/include/c++/13/bits/postypes.h:192:5: note:   template argument deduction/substitution failed:
[98.547s] /home/linhao/code/ros2/dxy_apm_ws/src/px4_ros_com/src/offboard_control/APMROS2drone/state/StopState.cpp:8:66: note:   ‘const State<APMROS2Drone>’ is not derived from ‘const std::fpos<_StateT>’
[98.547s]     8 |     if (stateMachine.getCurrentState() == StopState::getInstance()) {
[98.547s]       |                                                                  ^
[98.547s] In file included from /usr/include/c++/13/bits/shared_ptr.h:53:
[98.547s] /usr/include/c++/13/bits/shared_ptr_base.h:1793:5: note: candidate: ‘template<class _Tp1, class _Tp2, __gnu_cxx::_Lock_policy _Lp> bool std::operator==(const __shared_ptr<_Tp1, _Lp>&, const __shared_ptr<_Tp2, _Lp>&)’
[98.547s]  1793 |     operator==(const __shared_ptr<_Tp1, _Lp>& __a,
[98.547s]       |     ^~~~~~~~
[98.547s] /usr/include/c++/13/bits/shared_ptr_base.h:1793:5: note:   template argument deduction/substitution failed:
[98.547s] /home/linhao/code/ros2/dxy_apm_ws/src/px4_ros_com/src/offboard_control/APMROS2drone/state/StopState.cpp:8:66: note:   ‘const State<APMROS2Drone>’ is not derived from ‘const std::__shared_ptr<_Tp1, _Lp>’
[98.547s]     8 |     if (stateMachine.getCurrentState() == StopState::getInstance()) {
[98.547s]       |                                                                  ^
[98.547s] /usr/include/c++/13/bits/shared_ptr_base.h:1799:5: note: candidate: ‘template<class _Tp, __gnu_cxx::_Lock_policy _Lp> bool std::operator==(const __shared_ptr<_Tp, _Lp>&, nullptr_t)’
[98.547s]  1799 |     operator==(const __shared_ptr<_Tp, _Lp>& __a, nullptr_t) noexcept
[98.547s]       |     ^~~~~~~~
[98.547s] /usr/include/c++/13/bits/shared_ptr_base.h:1799:5: note:   template argument deduction/substitution failed:
[98.548s] /home/linhao/code/ros2/dxy_apm_ws/src/px4_ros_com/src/offboard_control/APMROS2drone/state/StopState.cpp:8:66: note:   ‘const State<APMROS2Drone>’ is not derived from ‘const std::__shared_ptr<_Tp, _Lp>’
[98.548s]     8 |     if (stateMachine.getCurrentState() == StopState::getInstance()) {
[98.548s]       |                                                                  ^
[98.548s] /usr/include/c++/13/bits/shared_ptr_base.h:1819:5: note: candidate: ‘template<class _Tp, __gnu_cxx::_Lock_policy _Lp> bool std::operator==(nullptr_t, const __shared_ptr<_Tp, _Lp>&)’
[98.548s]  1819 |     operator==(nullptr_t, const __shared_ptr<_Tp, _Lp>& __a) noexcept
[98.548s]       |     ^~~~~~~~
[98.548s] /usr/include/c++/13/bits/shared_ptr_base.h:1819:5: note:   template argument deduction/substitution failed:
[98.548s] /home/linhao/code/ros2/dxy_apm_ws/src/px4_ros_com/src/offboard_control/APMROS2drone/state/StopState.cpp:8:66: note:   ‘const StopState’ is not derived from ‘const std::__shared_ptr<_Tp, _Lp>’
[98.548s]     8 |     if (stateMachine.getCurrentState() == StopState::getInstance()) {
[98.548s]       |                                                                  ^
[98.548s] /usr/include/c++/13/bits/shared_ptr.h:555:5: note: candidate: ‘template<class _Tp, class _Up> bool std::operator==(const shared_ptr<_Tp>&, const shared_ptr<_Tp>&)’
[98.548s]   555 |     operator==(const shared_ptr<_Tp>& __a, const shared_ptr<_Up>& __b) noexcept
[98.548s]       |     ^~~~~~~~
[98.548s] /usr/include/c++/13/bits/shared_ptr.h:555:5: note:   template argument deduction/substitution failed:
[98.548s] /home/linhao/code/ros2/dxy_apm_ws/src/px4_ros_com/src/offboard_control/APMROS2drone/state/StopState.cpp:8:66: note:   ‘const State<APMROS2Drone>’ is not derived from ‘const std::shared_ptr<_Tp>’
[98.548s]     8 |     if (stateMachine.getCurrentState() == StopState::getInstance()) {
[98.548s]       |                                                                  ^
[98.548s] /usr/include/c++/13/bits/shared_ptr.h:561:5: note: candidate: ‘template<class _Tp> bool std::operator==(const shared_ptr<_Tp>&, nullptr_t)’
[98.549s]   561 |     operator==(const shared_ptr<_Tp>& __a, nullptr_t) noexcept
[98.549s]       |     ^~~~~~~~
[98.549s] /usr/include/c++/13/bits/shared_ptr.h:561:5: note:   template argument deduction/substitution failed:
[98.549s] /home/linhao/code/ros2/dxy_apm_ws/src/px4_ros_com/src/offboard_control/APMROS2drone/state/StopState.cpp:8:66: note:   ‘const State<APMROS2Drone>’ is not derived from ‘const std::shared_ptr<_Tp>’
[98.549s]     8 |     if (stateMachine.getCurrentState() == StopState::getInstance()) {
[98.549s]       |                                                                  ^
[98.549s] /usr/include/c++/13/bits/shared_ptr.h:582:5: note: candidate: ‘template<class _Tp> bool std::operator==(nullptr_t, const shared_ptr<_Tp>&)’
[98.549s]   582 |     operator==(nullptr_t, const shared_ptr<_Tp>& __a) noexcept
[98.549s]       |     ^~~~~~~~
[98.549s] /usr/include/c++/13/bits/shared_ptr.h:582:5: note:   template argument deduction/substitution failed:
[98.549s] /home/linhao/code/ros2/dxy_apm_ws/src/px4_ros_com/src/offboard_control/APMROS2drone/state/StopState.cpp:8:66: note:   ‘const StopState’ is not derived from ‘const std::shared_ptr<_Tp>’
[98.549s]     8 |     if (stateMachine.getCurrentState() == StopState::getInstance()) {
[98.549s]       |                                                                  ^
[98.549s] In file included from /usr/include/c++/13/vector:66,
[98.549s]                  from /home/linhao/code/ros2/dxy_apm_ws/src/px4_ros_com/src/offboard_control/APMROS2drone/state/../../stateMachine/State.h:3:
[98.549s] /usr/include/c++/13/bits/stl_vector.h:2040:5: note: candidate: ‘template<class _Tp, class _Alloc> bool std::operator==(const vector<_Tp, _Alloc>&, const vector<_Tp, _Alloc>&)’
[98.549s]  2040 |     operator==(const vector<_Tp, _Alloc>& __x, const vector<_Tp, _Alloc>& __y)
[98.549s]       |     ^~~~~~~~
[98.549s] /usr/include/c++/13/bits/stl_vector.h:2040:5: note:   template argument deduction/substitution failed:
[98.550s] /home/linhao/code/ros2/dxy_apm_ws/src/px4_ros_com/src/offboard_control/APMROS2drone/state/StopState.cpp:8:66: note:   ‘const State<APMROS2Drone>’ is not derived from ‘const std::vector<_Tp, _Alloc>’
[98.550s]     8 |     if (stateMachine.getCurrentState() == StopState::getInstance()) {
[98.550s]       |                                                                  ^
[98.550s] In file included from /usr/include/c++/13/functional:59,
[98.550s]                  from /home/linhao/code/ros2/dxy_apm_ws/src/px4_ros_com/src/offboard_control/APMROS2drone/state/../../stateMachine/State.h:4:
[98.550s] /usr/include/c++/13/bits/std_function.h:737:5: note: candidate: ‘template<class _Res, class ... _Args> bool std::operator==(const function<_Res(_ArgTypes ...)>&, nullptr_t)’
[98.550s]   737 |     operator==(const function<_Res(_Args...)>& __f, nullptr_t) noexcept
[98.550s]       |     ^~~~~~~~
[98.550s] /usr/include/c++/13/bits/std_function.h:737:5: note:   template argument deduction/substitution failed:
[98.550s] /home/linhao/code/ros2/dxy_apm_ws/src/px4_ros_com/src/offboard_control/APMROS2drone/state/StopState.cpp:8:66: note:   ‘const State<APMROS2Drone>’ is not derived from ‘const std::function<_Res(_ArgTypes ...)>’
[98.550s]     8 |     if (stateMachine.getCurrentState() == StopState::getInstance()) {
[98.550s]       |                                                                  ^
[98.550s] /usr/include/c++/13/bits/std_function.h:744:5: note: candidate: ‘template<class _Res, class ... _Args> bool std::operator==(nullptr_t, const function<_Res(_ArgTypes ...)>&)’
[98.550s]   744 |     operator==(nullptr_t, const function<_Res(_Args...)>& __f) noexcept
[98.550s]       |     ^~~~~~~~
[98.550s] /usr/include/c++/13/bits/std_function.h:744:5: note:   template argument deduction/substitution failed:
[98.550s] /home/linhao/code/ros2/dxy_apm_ws/src/px4_ros_com/src/offboard_control/APMROS2drone/state/StopState.cpp:8:66: note:   ‘const StopState’ is not derived from ‘const std::function<_Res(_ArgTypes ...)>’
[98.551s]     8 |     if (stateMachine.getCurrentState() == StopState::getInstance()) {
[98.551s]       |                                                                  ^
[98.551s] In file included from /usr/include/c++/13/unordered_map:41,
[98.551s]                  from /usr/include/c++/13/functional:63:
[98.554s] /usr/include/c++/13/bits/unordered_map.h:2143:5: note: candidate: ‘template<class _Key1, class _Tp1, class _Hash1, class _Pred1, class _Alloc1> bool std::operator==(const unordered_map<_Key1, _Tp1, _Hash1, _Pred1, _Alloc1>&, const unordered_map<_Key1, _Tp1, _Hash1, _Pred1, _Alloc1>&)’
[98.554s]  2143 |     operator==(const unordered_map<_Key, _Tp, _Hash, _Pred, _Alloc>& __x,
[98.554s]       |     ^~~~~~~~
[98.554s] /usr/include/c++/13/bits/unordered_map.h:2143:5: note:   template argument deduction/substitution failed:
[98.554s] /home/linhao/code/ros2/dxy_apm_ws/src/px4_ros_com/src/offboard_control/APMROS2drone/state/StopState.cpp:8:66: note:   ‘const State<APMROS2Drone>’ is not derived from ‘const std::unordered_map<_Key1, _Tp1, _Hash1, _Pred1, _Alloc1>’
[98.554s]     8 |     if (stateMachine.getCurrentState() == StopState::getInstance()) {
[98.554s]       |                                                                  ^
[98.555s] /usr/include/c++/13/bits/unordered_map.h:2157:5: note: candidate: ‘template<class _Key1, class _Tp1, class _Hash1, class _Pred1, class _Alloc1> bool std::operator==(const unordered_multimap<_Key1, _Tp1, _Hash1, _Pred1, _Alloc1>&, const unordered_multimap<_Key1, _Tp1, _Hash1, _Pred1, _Alloc1>&)’
[98.555s]  2157 |     operator==(const unordered_multimap<_Key, _Tp, _Hash, _Pred, _Alloc>& __x,
[98.555s]       |     ^~~~~~~~
[98.555s] /usr/include/c++/13/bits/unordered_map.h:2157:5: note:   template argument deduction/substitution failed:
[98.555s] /home/linhao/code/ros2/dxy_apm_ws/src/px4_ros_com/src/offboard_control/APMROS2drone/state/StopState.cpp:8:66: note:   ‘const State<APMROS2Drone>’ is not derived from ‘const std::unordered_multimap<_Key1, _Tp1, _Hash1, _Pred1, _Alloc1>’
[98.555s]     8 |     if (stateMachine.getCurrentState() == StopState::getInstance()) {
[98.555s]       |                                                                  ^
[98.555s] In file included from /usr/include/c++/13/functional:65:
[98.555s] /usr/include/c++/13/array:297:5: note: candidate: ‘template<class _Tp, long unsigned int _Nm> bool std::operator==(const array<_Tp, _Nm>&, const array<_Tp, _Nm>&)’
[98.555s]   297 |     operator==(const array<_Tp, _Nm>& __one, const array<_Tp, _Nm>& __two)
[98.555s]       |     ^~~~~~~~
[98.555s] /usr/include/c++/13/array:297:5: note:   template argument deduction/substitution failed:
[98.555s] /home/linhao/code/ros2/dxy_apm_ws/src/px4_ros_com/src/offboard_control/APMROS2drone/state/StopState.cpp:8:66: note:   ‘const State<APMROS2Drone>’ is not derived from ‘const std::array<_Tp, _Nm>’
[98.555s]     8 |     if (stateMachine.getCurrentState() == StopState::getInstance()) {
[98.556s]       |                                                                  ^
[98.556s] In file included from /usr/include/c++/13/map:63,
[98.556s]                  from /home/linhao/code/ros2/dxy_apm_ws/src/px4_ros_com/src/offboard_control/APMROS2drone/state/../../stateMachine/State.h:5:
[98.556s] /usr/include/c++/13/bits/stl_map.h:1513:5: note: candidate: ‘template<class _Key, class _Tp, class _Compare, class _Alloc> bool std::operator==(const map<_Key, _Tp, _Compare, _Allocator>&, const map<_Key, _Tp, _Compare, _Allocator>&)’
[98.556s]  1513 |     operator==(const map<_Key, _Tp, _Compare, _Alloc>& __x,
[98.556s]       |     ^~~~~~~~
[98.556s] /usr/include/c++/13/bits/stl_map.h:1513:5: note:   template argument deduction/substitution failed:
[98.556s] /home/linhao/code/ros2/dxy_apm_ws/src/px4_ros_com/src/offboard_control/APMROS2drone/state/StopState.cpp:8:66: note:   ‘const State<APMROS2Drone>’ is not derived from ‘const std::map<_Key, _Tp, _Compare, _Allocator>’
[98.556s]     8 |     if (stateMachine.getCurrentState() == StopState::getInstance()) {
[98.556s]       |                                                                  ^
[98.556s] In file included from /usr/include/c++/13/map:64:
[98.556s] /usr/include/c++/13/bits/stl_multimap.h:1134:5: note: candidate: ‘template<class _Key, class _Tp, class _Compare, class _Alloc> bool std::operator==(const multimap<_Key, _Tp, _Compare, _Allocator>&, const multimap<_Key, _Tp, _Compare, _Allocator>&)’
[98.556s]  1134 |     operator==(const multimap<_Key, _Tp, _Compare, _Alloc>& __x,
[98.556s]       |     ^~~~~~~~
[98.556s] /usr/include/c++/13/bits/stl_multimap.h:1134:5: note:   template argument deduction/substitution failed:
[98.557s] /home/linhao/code/ros2/dxy_apm_ws/src/px4_ros_com/src/offboard_control/APMROS2drone/state/StopState.cpp:8:66: note:   ‘const State<APMROS2Drone>’ is not derived from ‘const std::multimap<_Key, _Tp, _Compare, _Allocator>’
[98.557s]     8 |     if (stateMachine.getCurrentState() == StopState::getInstance()) {
[98.557s]       |                                                                  ^
[98.557s] In file included from /usr/include/c++/13/bits/basic_string.h:47,
[98.557s]                  from /usr/include/c++/13/string:54,
[98.557s]                  from /opt/ros/jazzy/include/rclcpp/rclcpp/copy_all_parameter_values.hpp:18,
[98.557s]                  from /opt/ros/jazzy/include/rclcpp/rclcpp/rclcpp.hpp:171,
[98.557s]                  from /home/linhao/code/ros2/dxy_apm_ws/src/px4_ros_com/src/offboard_control/APMROS2drone/state/../../stateMachine/State.h:8:
[98.557s] /usr/include/c++/13/string_view:609:5: note: candidate: ‘template<class _CharT, class _Traits> constexpr bool std::operator==(basic_string_view<_CharT, _Traits>, basic_string_view<_CharT, _Traits>)’
[98.557s]   609 |     operator==(basic_string_view<_CharT, _Traits> __x,
[98.557s]       |     ^~~~~~~~
[98.557s] /usr/include/c++/13/string_view:609:5: note:   template argument deduction/substitution failed:
[98.557s] /home/linhao/code/ros2/dxy_apm_ws/src/px4_ros_com/src/offboard_control/APMROS2drone/state/StopState.cpp:8:66: note:   ‘State<APMROS2Drone>’ is not derived from ‘std::basic_string_view<_CharT, _Traits>’
[98.557s]     8 |     if (stateMachine.getCurrentState() == StopState::getInstance()) {
[98.557s]       |                                                                  ^
[98.557s] /usr/include/c++/13/string_view:616:5: note: candidate: ‘template<class _CharT, class _Traits> constexpr bool std::operator==(basic_string_view<_CharT, _Traits>, __type_identity_t<basic_string_view<_CharT, _Traits> >)’
[98.557s]   616 |     operator==(basic_string_view<_CharT, _Traits> __x,
[98.558s]       |     ^~~~~~~~
[98.558s] /usr/include/c++/13/string_view:616:5: note:   template argument deduction/substitution failed:
[98.558s] /home/linhao/code/ros2/dxy_apm_ws/src/px4_ros_com/src/offboard_control/APMROS2drone/state/StopState.cpp:8:66: note:   ‘State<APMROS2Drone>’ is not derived from ‘std::basic_string_view<_CharT, _Traits>’
[98.558s]     8 |     if (stateMachine.getCurrentState() == StopState::getInstance()) {
[98.558s]       |                                                                  ^
[98.558s] /usr/include/c++/13/string_view:642:5: note: candidate: ‘template<class _CharT, class _Traits> constexpr bool std::operator==(__type_identity_t<basic_string_view<_CharT, _Traits> >, basic_string_view<_CharT, _Traits>)’
[98.558s]   642 |     operator==(__type_identity_t<basic_string_view<_CharT, _Traits>> __x,
[98.558s]       |     ^~~~~~~~
[98.558s] /usr/include/c++/13/string_view:642:5: note:   template argument deduction/substitution failed:
[98.558s] /home/linhao/code/ros2/dxy_apm_ws/src/px4_ros_com/src/offboard_control/APMROS2drone/state/StopState.cpp:8:66: note:   ‘StopState’ is not derived from ‘std::basic_string_view<_CharT, _Traits>’
[98.558s]     8 |     if (stateMachine.getCurrentState() == StopState::getInstance()) {
[98.558s]       |                                                                  ^
[98.558s] /usr/include/c++/13/bits/basic_string.h:3710:5: note: candidate: ‘template<class _CharT, class _Traits, class _Alloc> bool std::operator==(const __cxx11::basic_string<_CharT, _Traits, _Allocator>&, const __cxx11::basic_string<_CharT, _Traits, _Allocator>&)’
[98.558s]  3710 |     operator==(const basic_string<_CharT, _Traits, _Alloc>& __lhs,
[98.558s]       |     ^~~~~~~~
[98.558s] /usr/include/c++/13/bits/basic_string.h:3710:5: note:   template argument deduction/substitution failed:
[98.559s] /home/linhao/code/ros2/dxy_apm_ws/src/px4_ros_com/src/offboard_control/APMROS2drone/state/StopState.cpp:8:66: note:   ‘const State<APMROS2Drone>’ is not derived from ‘const std::__cxx11::basic_string<_CharT, _Traits, _Allocator>’
[98.559s]     8 |     if (stateMachine.getCurrentState() == StopState::getInstance()) {
[98.559s]       |                                                                  ^
[98.559s] /usr/include/c++/13/bits/basic_string.h:3727:5: note: candidate: ‘template<class _CharT, class _Traits, class _Alloc> bool std::operator==(const __cxx11::basic_string<_CharT, _Traits, _Allocator>&, const _CharT*)’
[98.559s]  3727 |     operator==(const basic_string<_CharT, _Traits, _Alloc>& __lhs,
[98.559s]       |     ^~~~~~~~
[98.559s] /usr/include/c++/13/bits/basic_string.h:3727:5: note:   template argument deduction/substitution failed:
[98.559s] /home/linhao/code/ros2/dxy_apm_ws/src/px4_ros_com/src/offboard_control/APMROS2drone/state/StopState.cpp:8:66: note:   ‘const State<APMROS2Drone>’ is not derived from ‘const std::__cxx11::basic_string<_CharT, _Traits, _Allocator>’
[98.559s]     8 |     if (stateMachine.getCurrentState() == StopState::getInstance()) {
[98.559s]       |                                                                  ^
[98.559s] /usr/include/c++/13/bits/basic_string.h:3774:5: note: candidate: ‘template<class _CharT, class _Traits, class _Alloc> bool std::operator==(const _CharT*, const __cxx11::basic_string<_CharT, _Traits, _Allocator>&)’
[98.559s]  3774 |     operator==(const _CharT* __lhs,
[98.559s]       |     ^~~~~~~~
[98.559s] /usr/include/c++/13/bits/basic_string.h:3774:5: note:   template argument deduction/substitution failed:
[98.559s] /home/linhao/code/ros2/dxy_apm_ws/src/px4_ros_com/src/offboard_control/APMROS2drone/state/StopState.cpp:8:66: note:   mismatched types ‘const _CharT*’ and ‘State<APMROS2Drone>’
[98.559s]     8 |     if (stateMachine.getCurrentState() == StopState::getInstance()) {
[98.559s]       |                                                                  ^
[98.559s] In file included from /usr/include/c++/13/bits/locale_facets.h:48,
[98.560s]                  from /usr/include/c++/13/bits/basic_ios.h:37,
[98.560s]                  from /usr/include/c++/13/ios:46,
[98.560s]                  from /usr/include/c++/13/istream:40,
[98.560s]                  from /usr/include/c++/13/sstream:40,
[98.560s]                  from /opt/ros/jazzy/include/rcl_interfaces/rcl_interfaces/srv/detail/list_parameters__traits.hpp:13,
[98.560s]                  from /opt/ros/jazzy/include/rcl_interfaces/rcl_interfaces/srv/list_parameters.hpp:9,
[98.560s]                  from /opt/ros/jazzy/include/rclcpp/rclcpp/copy_all_parameter_values.hpp:21:
[98.560s] /usr/include/c++/13/bits/streambuf_iterator.h:234:5: note: candidate: ‘template<class _CharT, class _Traits> bool std::operator==(const istreambuf_iterator<_CharT, _Traits>&, const istreambuf_iterator<_CharT, _Traits>&)’
[98.560s]   234 |     operator==(const istreambuf_iterator<_CharT, _Traits>& __a,
[98.560s]       |     ^~~~~~~~
[98.560s] /usr/include/c++/13/bits/streambuf_iterator.h:234:5: note:   template argument deduction/substitution failed:
[98.560s] /home/linhao/code/ros2/dxy_apm_ws/src/px4_ros_com/src/offboard_control/APMROS2drone/state/StopState.cpp:8:66: note:   ‘const State<APMROS2Drone>’ is not derived from ‘const std::istreambuf_iterator<_CharT, _Traits>’
[98.560s]     8 |     if (stateMachine.getCurrentState() == StopState::getInstance()) {
[98.560s]       |                                                                  ^
[98.560s] In file included from /usr/include/c++/13/unordered_set:41,
[98.560s]                  from /opt/ros/jazzy/include/rclcpp/rclcpp/context.hpp:26,
[98.560s]                  from /opt/ros/jazzy/include/rclcpp/rclcpp/utilities.hpp:24,
[98.561s]                  from /opt/ros/jazzy/include/rclcpp/rclcpp/logging.hpp:25,
[98.561s]                  from /opt/ros/jazzy/include/rclcpp/rclcpp/copy_all_parameter_values.hpp:27:
[98.561s] /usr/include/c++/13/bits/unordered_set.h:1813:5: note: candidate: ‘template<class _Value1, class _Hash1, class _Pred1, class _Alloc1> bool std::operator==(const unordered_set<_Value1, _Hash1, _Pred1, _Alloc1>&, const unordered_set<_Value1, _Hash1, _Pred1, _Alloc1>&)’
[98.561s]  1813 |     operator==(const unordered_set<_Value, _Hash, _Pred, _Alloc>& __x,
[98.561s]       |     ^~~~~~~~
[98.561s] /usr/include/c++/13/bits/unordered_set.h:1813:5: note:   template argument deduction/substitution failed:
[98.561s] /home/linhao/code/ros2/dxy_apm_ws/src/px4_ros_com/src/offboard_control/APMROS2drone/state/StopState.cpp:8:66: note:   ‘const State<APMROS2Drone>’ is not derived from ‘const std::unordered_set<_Value1, _Hash1, _Pred1, _Alloc1>’
[98.561s]     8 |     if (stateMachine.getCurrentState() == StopState::getInstance()) {
[98.561s]       |                                                                  ^
[98.561s] /usr/include/c++/13/bits/unordered_set.h:1827:5: note: candidate: ‘template<class _Value1, class _Hash1, class _Pred1, class _Alloc1> bool std::operator==(const unordered_multiset<_Value1, _Hash1, _Pred1, _Alloc1>&, const unordered_multiset<_Value1, _Hash1, _Pred1, _Alloc1>&)’
[98.561s]  1827 |     operator==(const unordered_multiset<_Value, _Hash, _Pred, _Alloc>& __x,
[98.561s]       |     ^~~~~~~~
[98.561s] /usr/include/c++/13/bits/unordered_set.h:1827:5: note:   template argument deduction/substitution failed:
[98.561s] /home/linhao/code/ros2/dxy_apm_ws/src/px4_ros_com/src/offboard_control/APMROS2drone/state/StopState.cpp:8:66: note:   ‘const State<APMROS2Drone>’ is not derived from ‘const std::unordered_multiset<_Value1, _Hash1, _Pred1, _Alloc1>’
[98.561s]     8 |     if (stateMachine.getCurrentState() == StopState::getInstance()) {
[98.561s]       |                                                                  ^
[98.561s] In file included from /usr/include/c++/13/set:63,
[98.562s]                  from /opt/ros/jazzy/include/rclcpp/rclcpp/executors/multi_threaded_executor.hpp:21,
[98.562s]                  from /opt/ros/jazzy/include/rclcpp/rclcpp/executors.hpp:21,
[98.562s]                  from /opt/ros/jazzy/include/rclcpp/rclcpp/rclcpp.hpp:172:
[98.562s] /usr/include/c++/13/bits/stl_set.h:987:5: note: candidate: ‘template<class _Key, class _Compare, class _Alloc> bool std::operator==(const set<_Key, _Compare, _Allocator>&, const set<_Key, _Compare, _Allocator>&)’
[98.562s]   987 |     operator==(const set<_Key, _Compare, _Alloc>& __x,
[98.562s]       |     ^~~~~~~~
[98.562s] /usr/include/c++/13/bits/stl_set.h:987:5: note:   template argument deduction/substitution failed:
[98.562s] /home/linhao/code/ros2/dxy_apm_ws/src/px4_ros_com/src/offboard_control/APMROS2drone/state/StopState.cpp:8:66: note:   ‘const State<APMROS2Drone>’ is not derived from ‘const std::set<_Key, _Compare, _Allocator>’
[98.562s]     8 |     if (stateMachine.getCurrentState() == StopState::getInstance()) {
[98.562s]       |                                                                  ^
[98.562s] In file included from /usr/include/c++/13/set:64:
[98.562s] /usr/include/c++/13/bits/stl_multiset.h:973:5: note: candidate: ‘template<class _Key, class _Compare, class _Alloc> bool std::operator==(const multiset<_Key, _Compare, _Allocator>&, const multiset<_Key, _Compare, _Allocator>&)’
[98.562s]   973 |     operator==(const multiset<_Key, _Compare, _Alloc>& __x,
[98.562s]       |     ^~~~~~~~
[98.562s] /usr/include/c++/13/bits/stl_multiset.h:973:5: note:   template argument deduction/substitution failed:
[98.562s] /home/linhao/code/ros2/dxy_apm_ws/src/px4_ros_com/src/offboard_control/APMROS2drone/state/StopState.cpp:8:66: note:   ‘const State<APMROS2Drone>’ is not derived from ‘const std::multiset<_Key, _Compare, _Allocator>’
[98.562s]     8 |     if (stateMachine.getCurrentState() == StopState::getInstance()) {
[98.563s]       |                                                                  ^
[98.563s] In file included from /usr/include/c++/13/list:65,
[98.563s]                  from /opt/ros/jazzy/include/rclcpp/rclcpp/executor.hpp:23,
[98.563s]                  from /opt/ros/jazzy/include/rclcpp/rclcpp/executors/multi_threaded_executor.hpp:25:
[98.563s] /usr/include/c++/13/bits/stl_list.h:2123:5: note: candidate: ‘template<class _Tp, class _Alloc> bool std::operator==(const __cxx11::list<_Tp, _Alloc>&, const __cxx11::list<_Tp, _Alloc>&)’
[98.563s]  2123 |     operator==(const list<_Tp, _Alloc>& __x, const list<_Tp, _Alloc>& __y)
[98.563s]       |     ^~~~~~~~
[98.563s] /usr/include/c++/13/bits/stl_list.h:2123:5: note:   template argument deduction/substitution failed:
[98.563s] /home/linhao/code/ros2/dxy_apm_ws/src/px4_ros_com/src/offboard_control/APMROS2drone/state/StopState.cpp:8:66: note:   ‘const State<APMROS2Drone>’ is not derived from ‘const std::__cxx11::list<_Tp, _Alloc>’
[98.563s]     8 |     if (stateMachine.getCurrentState() == StopState::getInstance()) {
[98.563s]       |                                                                  ^
[98.563s] In file included from /opt/ros/jazzy/include/rclcpp/rclcpp/client.hpp:23,
[98.563s]                  from /opt/ros/jazzy/include/rclcpp/rclcpp/callback_group.hpp:24,
[98.563s]                  from /opt/ros/jazzy/include/rclcpp/rclcpp/any_executable.hpp:20,
[98.563s]                  from /opt/ros/jazzy/include/rclcpp/rclcpp/memory_strategy.hpp:25,
[98.563s]                  from /opt/ros/jazzy/include/rclcpp/rclcpp/memory_strategies.hpp:18,
[98.563s]                  from /opt/ros/jazzy/include/rclcpp/rclcpp/executor_options.hpp:22,
[98.563s]                  from /opt/ros/jazzy/include/rclcpp/rclcpp/executor.hpp:38:
[98.564s] /usr/include/c++/13/optional:1236:5: note: candidate: ‘template<class _Tp, class _Up> constexpr std::__optional_eq_t<_Tp, _Up> std::operator==(const optional<_Tp>&, const optional<_Up>&)’
[98.564s]  1236 |     operator==(const optional<_Tp>& __lhs, const optional<_Up>& __rhs)
[98.564s]       |     ^~~~~~~~
[98.564s] /usr/include/c++/13/optional:1236:5: note:   template argument deduction/substitution failed:
[98.564s] /home/linhao/code/ros2/dxy_apm_ws/src/px4_ros_com/src/offboard_control/APMROS2drone/state/StopState.cpp:8:66: note:   ‘const State<APMROS2Drone>’ is not derived from ‘const std::optional<_Tp>’
[98.564s]     8 |     if (stateMachine.getCurrentState() == StopState::getInstance()) {
[98.564s]       |                                                                  ^
[98.564s] /usr/include/c++/13/optional:1296:5: note: candidate: ‘template<class _Tp> constexpr bool std::operator==(const optional<_Tp>&, nullopt_t)’
[98.564s]  1296 |     operator==(const optional<_Tp>& __lhs, nullopt_t) noexcept
[98.564s]       |     ^~~~~~~~
[98.564s] /usr/include/c++/13/optional:1296:5: note:   template argument deduction/substitution failed:
[98.564s] /home/linhao/code/ros2/dxy_apm_ws/src/px4_ros_com/src/offboard_control/APMROS2drone/state/StopState.cpp:8:66: note:   ‘const State<APMROS2Drone>’ is not derived from ‘const std::optional<_Tp>’
[98.564s]     8 |     if (stateMachine.getCurrentState() == StopState::getInstance()) {
[98.564s]       |                                                                  ^
[98.564s] /usr/include/c++/13/optional:1307:5: note: candidate: ‘template<class _Tp> constexpr bool std::operator==(nullopt_t, const optional<_Tp>&)’
[98.564s]  1307 |     operator==(nullopt_t, const optional<_Tp>& __rhs) noexcept
[98.564s]       |     ^~~~~~~~
[98.565s] /usr/include/c++/13/optional:1307:5: note:   template argument deduction/substitution failed:
[98.565s] /home/linhao/code/ros2/dxy_apm_ws/src/px4_ros_com/src/offboard_control/APMROS2drone/state/StopState.cpp:8:66: note:   ‘const StopState’ is not derived from ‘const std::optional<_Tp>’
[98.565s]     8 |     if (stateMachine.getCurrentState() == StopState::getInstance()) {
[98.565s]       |                                                                  ^
[98.565s] /usr/include/c++/13/optional:1364:5: note: candidate: ‘template<class _Tp, class _Up> constexpr std::__optional_eq_t<_Tp, _Up> std::operator==(const optional<_Tp>&, const _Up&)’
[98.565s]  1364 |     operator==(const optional<_Tp>& __lhs, const _Up& __rhs)
[98.565s]       |     ^~~~~~~~
[98.565s] /usr/include/c++/13/optional:1364:5: note:   template argument deduction/substitution failed:
[98.565s] /home/linhao/code/ros2/dxy_apm_ws/src/px4_ros_com/src/offboard_control/APMROS2drone/state/StopState.cpp:8:66: note:   ‘const State<APMROS2Drone>’ is not derived from ‘const std::optional<_Tp>’
[98.565s]     8 |     if (stateMachine.getCurrentState() == StopState::getInstance()) {
[98.565s]       |                                                                  ^
[98.565s] /usr/include/c++/13/optional:1370:5: note: candidate: ‘template<class _Tp, class _Up> constexpr std::__optional_eq_t<_Up, _Tp> std::operator==(const _Up&, const optional<_Tp>&)’
[98.565s]  1370 |     operator==(const _Up& __lhs, const optional<_Tp>& __rhs)
[98.565s]       |     ^~~~~~~~
[98.565s] /usr/include/c++/13/optional:1370:5: note:   template argument deduction/substitution failed:
[98.565s] /home/linhao/code/ros2/dxy_apm_ws/src/px4_ros_com/src/offboard_control/APMROS2drone/state/StopState.cpp:8:66: note:   ‘const StopState’ is not derived from ‘const std::optional<_Tp>’
[98.565s]     8 |     if (stateMachine.getCurrentState() == StopState::getInstance()) {
[98.565s]       |                                                                  ^
[98.566s] In file included from /opt/ros/jazzy/include/rclcpp/rclcpp/client.hpp:29:
[98.566s] /usr/include/c++/13/variant:1266:3: note: candidate: ‘template<class ... _Types> constexpr bool std::operator==(const variant<_Types ...>&, const variant<_Types ...>&)’
[98.566s]  1266 |   _VARIANT_RELATION_FUNCTION_TEMPLATE(==, equal)
[98.566s]       |   ^~~~~~~~~~~~~~~~~~~~~~~~~~~~~~~~~~~
[98.566s] /usr/include/c++/13/variant:1266:3: note:   template argument deduction/substitution failed:
[98.566s] /home/linhao/code/ros2/dxy_apm_ws/src/px4_ros_com/src/offboard_control/APMROS2drone/state/StopState.cpp:8:66: note:   ‘const State<APMROS2Drone>’ is not derived from ‘const std::variant<_Types ...>’
[98.566s]     8 |     if (stateMachine.getCurrentState() == StopState::getInstance()) {
[98.566s]       |                                                                  ^
[98.566s] In file included from /usr/include/c++/13/deque:66,
[98.566s]                  from /opt/ros/jazzy/include/rclcpp/rclcpp/executors/executor_entities_collection.hpp:18,
[98.566s]                  from /opt/ros/jazzy/include/rclcpp/rclcpp/executor.hpp:39:
[98.566s] /usr/include/c++/13/bits/stl_deque.h:2290:5: note: candidate: ‘template<class _Tp, class _Alloc> bool std::operator==(const deque<_Tp, _Alloc>&, const deque<_Tp, _Alloc>&)’
[98.566s]  2290 |     operator==(const deque<_Tp, _Alloc>& __x, const deque<_Tp, _Alloc>& __y)
[98.566s]       |     ^~~~~~~~
[98.566s] /usr/include/c++/13/bits/stl_deque.h:2290:5: note:   template argument deduction/substitution failed:
[98.566s] /home/linhao/code/ros2/dxy_apm_ws/src/px4_ros_com/src/offboard_control/APMROS2drone/state/StopState.cpp:8:66: note:   ‘const State<APMROS2Drone>’ is not derived from ‘const std::deque<_Tp, _Alloc>’
[98.566s]     8 |     if (stateMachine.getCurrentState() == StopState::getInstance()) {
[98.567s]       |                                                                  ^
[98.567s] In file included from /usr/include/c++/13/queue:66,
[98.567s]                  from /opt/ros/jazzy/include/rclcpp/rclcpp/experimental/executors/events_executor/events_queue.hpp:18,
[98.567s]                  from /opt/ros/jazzy/include/rclcpp/rclcpp/experimental/executors/events_executor/events_executor.hpp:27,
[98.567s]                  from /opt/ros/jazzy/include/rclcpp/rclcpp/executors.hpp:24:
[98.567s] /usr/include/c++/13/bits/stl_queue.h:380:5: note: candidate: ‘template<class _Tp, class _Seq> bool std::operator==(const queue<_Tp, _Seq>&, const queue<_Tp, _Seq>&)’
[98.567s]   380 |     operator==(const queue<_Tp, _Seq>& __x, const queue<_Tp, _Seq>& __y)
[98.567s]       |     ^~~~~~~~
[98.567s] /usr/include/c++/13/bits/stl_queue.h:380:5: note:   template argument deduction/substitution failed:
[98.567s] /home/linhao/code/ros2/dxy_apm_ws/src/px4_ros_com/src/offboard_control/APMROS2drone/state/StopState.cpp:8:66: note:   ‘const State<APMROS2Drone>’ is not derived from ‘const std::queue<_Tp, _Seq>’
[98.567s]     8 |     if (stateMachine.getCurrentState() == StopState::getInstance()) {
[98.567s]       |                                                                  ^
[98.567s] In file included from /usr/include/c++/13/valarray:605,
[98.567s]                  from /usr/include/yaml-cpp/node/convert.h:18,
[98.567s]                  from /usr/include/yaml-cpp/yaml.h:18,
[98.567s]                  from /home/linhao/code/ros2/dxy_apm_ws/src/px4_ros_com/src/offboard_control/APMROS2drone/state/../../utils/Readyaml.h:4,
[98.567s]                  from /home/linhao/code/ros2/dxy_apm_ws/src/px4_ros_com/src/offboard_control/APMROS2drone/state/../APMROS2Drone.h:9:
[98.568s] /usr/include/c++/13/bits/valarray_after.h:417:5: note: candidate: ‘template<class _Dom1, class _Dom2> std::_Expr<std::__detail::_BinClos<std::__equal_to, std::_Expr, std::_Expr, _Dom1, _Dom2>, typename std::__fun<std::__equal_to, typename _Dom1::value_type>::result_type> std::operator==(const _Expr<_Dom1, typename _Dom1::value_type>&, const _Expr<_Dom2, typename _Dom2::value_type>&)’
[98.568s]   417 |     _DEFINE_EXPR_BINARY_OPERATOR(==, struct std::__equal_to)
[98.568s]       |     ^~~~~~~~~~~~~~~~~~~~~~~~~~~~
[98.568s] /usr/include/c++/13/bits/valarray_after.h:417:5: note:   template argument deduction/substitution failed:
[98.568s] /home/linhao/code/ros2/dxy_apm_ws/src/px4_ros_com/src/offboard_control/APMROS2drone/state/StopState.cpp:8:66: note:   ‘const State<APMROS2Drone>’ is not derived from ‘const std::_Expr<_Dom1, typename _Dom1::value_type>’
[98.568s]     8 |     if (stateMachine.getCurrentState() == StopState::getInstance()) {
[98.568s]       |                                                                  ^
[98.570s] /usr/include/c++/13/bits/valarray_after.h:417:5: note: candidate: ‘template<class _Dom> std::_Expr<std::__detail::_BinClos<std::__equal_to, std::_Expr, std::_Constant, _Dom, typename _Dom::value_type>, typename std::__fun<std::__equal_to, typename _Dom1::value_type>::result_type> std::operator==(const _Expr<_Dom1, typename _Dom1::value_type>&, const typename _Dom::value_type&)’
[98.570s]   417 |     _DEFINE_EXPR_BINARY_OPERATOR(==, struct std::__equal_to)
[98.570s]       |     ^~~~~~~~~~~~~~~~~~~~~~~~~~~~
[98.570s] /usr/include/c++/13/bits/valarray_after.h:417:5: note:   template argument deduction/substitution failed:
[98.570s] /home/linhao/code/ros2/dxy_apm_ws/src/px4_ros_com/src/offboard_control/APMROS2drone/state/StopState.cpp:8:66: note:   ‘const State<APMROS2Drone>’ is not derived from ‘const std::_Expr<_Dom1, typename _Dom1::value_type>’
[98.570s]     8 |     if (stateMachine.getCurrentState() == StopState::getInstance()) {
[98.571s]       |                                                                  ^
[98.571s] /usr/include/c++/13/bits/valarray_after.h:417:5: note: candidate: ‘template<class _Dom> std::_Expr<std::__detail::_BinClos<std::__equal_to, std::_Constant, std::_Expr, typename _Dom::value_type, _Dom>, typename std::__fun<std::__equal_to, typename _Dom1::value_type>::result_type> std::operator==(const typename _Dom::value_type&, const _Expr<_Dom1, typename _Dom1::value_type>&)’
[98.571s]   417 |     _DEFINE_EXPR_BINARY_OPERATOR(==, struct std::__equal_to)
[98.571s]       |     ^~~~~~~~~~~~~~~~~~~~~~~~~~~~
[98.571s] /usr/include/c++/13/bits/valarray_after.h:417:5: note:   template argument deduction/substitution failed:
[98.571s] /home/linhao/code/ros2/dxy_apm_ws/src/px4_ros_com/src/offboard_control/APMROS2drone/state/StopState.cpp:8:66: note:   ‘const StopState’ is not derived from ‘const std::_Expr<_Dom1, typename _Dom1::value_type>’
[98.571s]     8 |     if (stateMachine.getCurrentState() == StopState::getInstance()) {
[98.571s]       |                                                                  ^
[98.571s] /usr/include/c++/13/bits/valarray_after.h:417:5: note: candidate: ‘template<class _Dom> std::_Expr<std::__detail::_BinClos<std::__equal_to, std::_Expr, std::_ValArray, _Dom, typename _Dom::value_type>, typename std::__fun<std::__equal_to, typename _Dom1::value_type>::result_type> std::operator==(const _Expr<_Dom1, typename _Dom1::value_type>&, const valarray<typename _Dom::value_type>&)’
[98.571s]   417 |     _DEFINE_EXPR_BINARY_OPERATOR(==, struct std::__equal_to)
[98.571s]       |     ^~~~~~~~~~~~~~~~~~~~~~~~~~~~
[98.571s] /usr/include/c++/13/bits/valarray_after.h:417:5: note:   template argument deduction/substitution failed:
[98.571s] /home/linhao/code/ros2/dxy_apm_ws/src/px4_ros_com/src/offboard_control/APMROS2drone/state/StopState.cpp:8:66: note:   ‘const State<APMROS2Drone>’ is not derived from ‘const std::_Expr<_Dom1, typename _Dom1::value_type>’
[98.571s]     8 |     if (stateMachine.getCurrentState() == StopState::getInstance()) {
[98.571s]       |                                                                  ^
[98.571s] /usr/include/c++/13/bits/valarray_after.h:417:5: note: candidate: ‘template<class _Dom> std::_Expr<std::__detail::_BinClos<std::__equal_to, std::_ValArray, std::_Expr, typename _Dom::value_type, _Dom>, typename std::__fun<std::__equal_to, typename _Dom1::value_type>::result_type> std::operator==(const valarray<typename _Dom::value_type>&, const _Expr<_Dom1, typename _Dom1::value_type>&)’
[98.571s]   417 |     _DEFINE_EXPR_BINARY_OPERATOR(==, struct std::__equal_to)
[98.571s]       |     ^~~~~~~~~~~~~~~~~~~~~~~~~~~~
[98.572s] /usr/include/c++/13/bits/valarray_after.h:417:5: note:   template argument deduction/substitution failed:
[98.572s] /home/linhao/code/ros2/dxy_apm_ws/src/px4_ros_com/src/offboard_control/APMROS2drone/state/StopState.cpp:8:66: note:   ‘const StopState’ is not derived from ‘const std::_Expr<_Dom1, typename _Dom1::value_type>’
[98.572s]     8 |     if (stateMachine.getCurrentState() == StopState::getInstance()) {
[98.572s]       |                                                                  ^
[98.572s] /usr/include/c++/13/valarray:1208:1: note: candidate: ‘template<class _Tp> std::_Expr<std::__detail::_BinClos<std::__equal_to, std::_ValArray, std::_ValArray, _Tp, _Tp>, typename std::__fun<std::__equal_to, _Tp>::result_type> std::operator==(const valarray<_Tp>&, const valarray<_Tp>&)’
[98.572s]  1208 | _DEFINE_BINARY_OPERATOR(==, __equal_to)
[98.572s]       | ^~~~~~~~~~~~~~~~~~~~~~~
[98.572s] /usr/include/c++/13/valarray:1208:1: note:   template argument deduction/substitution failed:
[98.572s] /home/linhao/code/ros2/dxy_apm_ws/src/px4_ros_com/src/offboard_control/APMROS2drone/state/StopState.cpp:8:66: note:   ‘const State<APMROS2Drone>’ is not derived from ‘const std::valarray<_Tp>’
[98.572s]     8 |     if (stateMachine.getCurrentState() == StopState::getInstance()) {
[98.572s]       |                                                                  ^
[98.572s] /usr/include/c++/13/valarray:1208:1: note: candidate: ‘template<class _Tp> std::_Expr<std::__detail::_BinClos<std::__equal_to, std::_ValArray, std::_Constant, _Tp, _Tp>, typename std::__fun<std::__equal_to, _Tp>::result_type> std::operator==(const valarray<_Tp>&, const typename valarray<_Tp>::value_type&)’
[98.572s]  1208 | _DEFINE_BINARY_OPERATOR(==, __equal_to)
[98.572s]       | ^~~~~~~~~~~~~~~~~~~~~~~
[98.572s] /usr/include/c++/13/valarray:1208:1: note:   template argument deduction/substitution failed:
[98.572s] /home/linhao/code/ros2/dxy_apm_ws/src/px4_ros_com/src/offboard_control/APMROS2drone/state/StopState.cpp:8:66: note:   ‘const State<APMROS2Drone>’ is not derived from ‘const std::valarray<_Tp>’
[98.572s]     8 |     if (stateMachine.getCurrentState() == StopState::getInstance()) {
[98.573s]       |                                                                  ^
[98.573s] /usr/include/c++/13/valarray:1208:1: note: candidate: ‘template<class _Tp> std::_Expr<std::__detail::_BinClos<std::__equal_to, std::_Constant, std::_ValArray, _Tp, _Tp>, typename std::__fun<std::__equal_to, _Tp>::result_type> std::operator==(const typename valarray<_Tp>::value_type&, const valarray<_Tp>&)’
[98.573s]  1208 | _DEFINE_BINARY_OPERATOR(==, __equal_to)
[98.573s]       | ^~~~~~~~~~~~~~~~~~~~~~~
[98.573s] /usr/include/c++/13/valarray:1208:1: note:   template argument deduction/substitution failed:
[98.573s] /home/linhao/code/ros2/dxy_apm_ws/src/px4_ros_com/src/offboard_control/APMROS2drone/state/StopState.cpp:8:66: note:   ‘const StopState’ is not derived from ‘const std::valarray<_Tp>’
[98.573s]     8 |     if (stateMachine.getCurrentState() == StopState::getInstance()) {
[98.573s]       |                                                                  ^
[98.573s] In file included from /usr/include/eigen3/Eigen/Core:50,
[98.573s]                  from /home/linhao/code/ros2/dxy_apm_ws/src/px4_ros_com/src/offboard_control/APMROS2drone/state/../../utils/math.h:4,
[98.573s]                  from /home/linhao/code/ros2/dxy_apm_ws/src/px4_ros_com/src/offboard_control/APMROS2drone/state/../APMROS2Drone.h:10:
[98.573s] /usr/include/c++/13/complex:467:5: note: candidate: ‘template<class _Tp> constexpr bool std::operator==(const complex<_Tp>&, const complex<_Tp>&)’
[98.573s]   467 |     operator==(const complex<_Tp>& __x, const complex<_Tp>& __y)
[98.573s]       |     ^~~~~~~~
[98.573s] /usr/include/c++/13/complex:467:5: note:   template argument deduction/substitution failed:
[98.573s] /home/linhao/code/ros2/dxy_apm_ws/src/px4_ros_com/src/offboard_control/APMROS2drone/state/StopState.cpp:8:66: note:   ‘const State<APMROS2Drone>’ is not derived from ‘const std::complex<_Tp>’
[98.573s]     8 |     if (stateMachine.getCurrentState() == StopState::getInstance()) {
[98.573s]       |                                                                  ^
[98.573s] /usr/include/c++/13/complex:472:5: note: candidate: ‘template<class _Tp> constexpr bool std::operator==(const complex<_Tp>&, const _Tp&)’
[98.574s]   472 |     operator==(const complex<_Tp>& __x, const _Tp& __y)
[98.574s]       |     ^~~~~~~~
[98.574s] /usr/include/c++/13/complex:472:5: note:   template argument deduction/substitution failed:
[98.574s] /home/linhao/code/ros2/dxy_apm_ws/src/px4_ros_com/src/offboard_control/APMROS2drone/state/StopState.cpp:8:66: note:   ‘const State<APMROS2Drone>’ is not derived from ‘const std::complex<_Tp>’
[98.574s]     8 |     if (stateMachine.getCurrentState() == StopState::getInstance()) {
[98.574s]       |                                                                  ^
[98.574s] /usr/include/c++/13/complex:478:5: note: candidate: ‘template<class _Tp> constexpr bool std::operator==(const _Tp&, const complex<_Tp>&)’
[98.574s]   478 |     operator==(const _Tp& __x, const complex<_Tp>& __y)
[98.574s]       |     ^~~~~~~~
[98.574s] /usr/include/c++/13/complex:478:5: note:   template argument deduction/substitution failed:
[98.574s] /home/linhao/code/ros2/dxy_apm_ws/src/px4_ros_com/src/offboard_control/APMROS2drone/state/StopState.cpp:8:66: note:   ‘const StopState’ is not derived from ‘const std::complex<_Tp>’
[98.574s]     8 |     if (stateMachine.getCurrentState() == StopState::getInstance()) {
[98.574s]       |                                                                  ^
[98.574s] In file included from /usr/include/c++/13/bits/ios_base.h:46,
[98.574s]                  from /usr/include/c++/13/ios:44:
[98.574s] /usr/include/c++/13/system_error:449:3: note: candidate: ‘bool std::operator==(const error_code&, const error_code&)’
[98.574s]   449 |   operator==(const error_code& __lhs, const error_code& __rhs) noexcept
[98.574s]       |   ^~~~~~~~
[98.575s] /usr/include/c++/13/system_error:449:32: note:   no known conversion for argument 1 from ‘const State<APMROS2Drone>’ to ‘const std::error_code&’
[98.575s]   449 |   operator==(const error_code& __lhs, const error_code& __rhs) noexcept
[98.575s]       |              ~~~~~~~~~~~~~~~~~~^~~~~
[98.575s] /usr/include/c++/13/system_error:465:3: note: candidate: ‘bool std::operator==(const error_code&, const error_condition&)’
[98.575s]   465 |   operator==(const error_code& __lhs, const error_condition& __rhs) noexcept
[98.575s]       |   ^~~~~~~~
[98.575s] /usr/include/c++/13/system_error:465:32: note:   no known conversion for argument 1 from ‘const State<APMROS2Drone>’ to ‘const std::error_code&’
[98.575s]   465 |   operator==(const error_code& __lhs, const error_condition& __rhs) noexcept
[98.575s]       |              ~~~~~~~~~~~~~~~~~~^~~~~
[98.575s] /usr/include/c++/13/system_error:480:3: note: candidate: ‘bool std::operator==(const error_condition&, const error_condition&)’
[98.575s]   480 |   operator==(const error_condition& __lhs,
[98.575s]       |   ^~~~~~~~
[98.575s] /usr/include/c++/13/system_error:480:37: note:   no known conversion for argument 1 from ‘const State<APMROS2Drone>’ to ‘const std::error_condition&’
[98.575s]   480 |   operator==(const error_condition& __lhs,
[98.575s]       |              ~~~~~~~~~~~~~~~~~~~~~~~^~~~~
[98.575s] /usr/include/c++/13/system_error:517:3: note: candidate: ‘bool std::operator==(const error_condition&, const error_code&)’
[98.575s]   517 |   operator==(const error_condition& __lhs, const error_code& __rhs) noexcept
[98.575s]       |   ^~~~~~~~
[98.576s] /usr/include/c++/13/system_error:517:37: note:   no known conversion for argument 1 from ‘const State<APMROS2Drone>’ to ‘const std::error_condition&’
[98.576s]   517 |   operator==(const error_condition& __lhs, const error_code& __rhs) noexcept
[98.576s]       |              ~~~~~~~~~~~~~~~~~~~~~~~^~~~~
[98.576s] In file included from /usr/include/c++/13/future:51,
[98.576s]                  from /opt/ros/jazzy/include/rclcpp/rclcpp/executors.hpp:18:
[98.576s] /usr/include/c++/13/bits/std_thread.h:324:3: note: candidate: ‘bool std::operator==(thread::id, thread::id)’
[98.576s]   324 |   operator==(thread::id __x, thread::id __y) noexcept
[98.576s]       |   ^~~~~~~~
[98.576s] /usr/include/c++/13/bits/std_thread.h:324:25: note:   no known conversion for argument 1 from ‘const State<APMROS2Drone>’ to ‘std::thread::id’
[98.576s]   324 |   operator==(thread::id __x, thread::id __y) noexcept
[98.576s]       |              ~~~~~~~~~~~^~~
[98.576s] /usr/include/c++/13/variant:1273:18: note: candidate: ‘constexpr bool std::operator==(monostate, monostate)’
[98.576s]  1273 |   constexpr bool operator==(monostate, monostate) noexcept { return true; }
[98.576s]       |                  ^~~~~~~~
[98.576s] /usr/include/c++/13/variant:1273:29: note:   no known conversion for argument 1 from ‘const State<APMROS2Drone>’ to ‘std::monostate’
[98.576s]  1273 |   constexpr bool operator==(monostate, monostate) noexcept { return true; }
[98.576s]       |                             ^~~~~~~~~
[98.576s] /home/linhao/code/ros2/dxy_apm_ws/src/px4_ros_com/src/offboard_control/APMROS2drone/state/StopState.cpp:9:26: error: ‘owner_’ was not declared in this scope
[98.577s]     9 |         RCLCPP_INFO_ONCE(owner_->get_node()->get_logger(), "停止状态");
[98.577s]       |                          ^~~~~~
[98.577s] /home/linhao/code/ros2/dxy_apm_ws/src/px4_ros_com/src/offboard_control/APMROS2drone/state/StopState.cpp:9:9: error: template argument 1 is invalid
[98.577s]     9 |         RCLCPP_INFO_ONCE(owner_->get_node()->get_logger(), "停止状态");
[98.577s]       |         ^~~~~~~~~~~~~~~~
[98.577s] /home/linhao/code/ros2/dxy_apm_ws/src/px4_ros_com/src/offboard_control/APMROS2drone/state/StopState.cpp:9:9: error: template argument 1 is invalid
[98.577s]     9 |         RCLCPP_INFO_ONCE(owner_->get_node()->get_logger(), "停止状态");
[98.577s]       |         ^~~~~~~~~~~~~~~~
[98.577s] /home/linhao/code/ros2/dxy_apm_ws/src/px4_ros_com/src/offboard_control/APMROS2drone/state/StopState.cpp:9:9: error: template argument 1 is invalid
[98.577s]     9 |         RCLCPP_INFO_ONCE(owner_->get_node()->get_logger(), "停止状态");
[98.577s]       |         ^~~~~~~~~~~~~~~~
[98.577s] /home/linhao/code/ros2/dxy_apm_ws/src/px4_ros_com/src/offboard_control/APMROS2drone/state/StopState.cpp:11:9: error: ‘owner_’ was not declared in this scope
[98.577s]    11 |         owner_->send_velocity_command(0.0, 0.0, 0.0, 0.0);
[98.577s]       |         ^~~~~~
[98.577s] gmake[2]: *** [CMakeFiles/offboard_control.dir/build.make:244: CMakeFiles/offboard_control.dir/src/offboard_control/APMROS2drone/state/StopState.cpp.o] Error 1
